[0.264s] DEBUG:colcon:Command line arguments: ['/usr/bin/colcon', 'build']
[0.264s] DEBUG:colcon:Parsed command line arguments: Namespace(log_base=None, log_level=None, verb_name='build', build_base='build', install_base='install', merge_install=False, symlink_install=False, test_result_base=None, continue_on_error=False, executor='parallel', parallel_workers=8, event_handlers=None, ignore_user_meta=False, metas=['./colcon.meta'], base_paths=['.'], packages_ignore=None, packages_ignore_regex=None, paths=None, packages_up_to=None, packages_up_to_regex=None, packages_above=None, packages_above_and_dependencies=None, packages_above_depth=None, packages_select_by_dep=None, packages_skip_by_dep=None, packages_skip_up_to=None, packages_select_build_failed=False, packages_skip_build_finished=False, packages_select_test_failures=False, packages_skip_test_passed=False, packages_select=None, packages_skip=None, packages_select_regex=None, packages_skip_regex=None, packages_start=None, packages_end=None, allow_overriding=[], cmake_args=None, cmake_target=None, cmake_target_skip_unavailable=False, cmake_clean_cache=False, cmake_clean_first=False, cmake_force_configure=False, ament_cmake_args=None, catkin_cmake_args=None, catkin_skip_building_tests=False, mixin_files=None, mixin=None, verb_parser=<colcon_mixin.mixin.mixin_argument.MixinArgumentDecorator object at 0x7eff8ce366f0>, verb_extension=<colcon_core.verb.build.BuildVerb object at 0x7eff8ce363f0>, main=<bound method BuildVerb.main of <colcon_core.verb.build.BuildVerb object at 0x7eff8ce363f0>>, mixin_verb=('build',))
[0.317s] Level 1:colcon.colcon_core.package_discovery:discover_packages(colcon_meta) check parameters
[0.318s] Level 1:colcon.colcon_core.package_discovery:discover_packages(recursive) check parameters
[0.318s] Level 1:colcon.colcon_core.package_discovery:discover_packages(ignore) check parameters
[0.318s] Level 1:colcon.colcon_core.package_discovery:discover_packages(path) check parameters
[0.318s] Level 1:colcon.colcon_core.package_discovery:discover_packages(colcon_meta) discover
[0.318s] Level 1:colcon.colcon_core.package_discovery:discover_packages(recursive) discover
[0.318s] INFO:colcon.colcon_core.package_discovery:Crawling recursively for packages in '/home/emmanuel13/code/AyDpVA/ros2_ws'
[0.318s] Level 1:colcon.colcon_core.package_identification:_identify(.) by extensions ['ignore', 'ignore_ament_install']
[0.318s] Level 1:colcon.colcon_core.package_identification:_identify(.) by extension 'ignore'
[0.318s] Level 1:colcon.colcon_core.package_identification:_identify(.) by extension 'ignore_ament_install'
[0.318s] Level 1:colcon.colcon_core.package_identification:_identify(.) by extensions ['colcon_pkg']
[0.318s] Level 1:colcon.colcon_core.package_identification:_identify(.) by extension 'colcon_pkg'
[0.318s] Level 1:colcon.colcon_core.package_identification:_identify(.) by extensions ['colcon_meta']
[0.318s] Level 1:colcon.colcon_core.package_identification:_identify(.) by extension 'colcon_meta'
[0.318s] Level 1:colcon.colcon_core.package_identification:_identify(.) by extensions ['ros']
[0.318s] Level 1:colcon.colcon_core.package_identification:_identify(.) by extension 'ros'
[0.355s] Level 1:colcon.colcon_core.package_identification:_identify(.) by extensions ['cmake', 'python']
[0.355s] Level 1:colcon.colcon_core.package_identification:_identify(.) by extension 'cmake'
[0.355s] Level 1:colcon.colcon_core.package_identification:_identify(.) by extension 'python'
[0.355s] Level 1:colcon.colcon_core.package_identification:_identify(.) by extensions ['python_setup_py']
[0.355s] Level 1:colcon.colcon_core.package_identification:_identify(.) by extension 'python_setup_py'
[0.355s] Level 1:colcon.colcon_core.package_identification:_identify(build) by extensions ['ignore', 'ignore_ament_install']
[0.355s] Level 1:colcon.colcon_core.package_identification:_identify(build) by extension 'ignore'
[0.356s] Level 1:colcon.colcon_core.package_identification:_identify(build) ignored
[0.356s] Level 1:colcon.colcon_core.package_identification:_identify(install) by extensions ['ignore', 'ignore_ament_install']
[0.356s] Level 1:colcon.colcon_core.package_identification:_identify(install) by extension 'ignore'
[0.356s] Level 1:colcon.colcon_core.package_identification:_identify(install) ignored
[0.356s] Level 1:colcon.colcon_core.package_identification:_identify(log) by extensions ['ignore', 'ignore_ament_install']
[0.356s] Level 1:colcon.colcon_core.package_identification:_identify(log) by extension 'ignore'
[0.356s] Level 1:colcon.colcon_core.package_identification:_identify(log) ignored
[0.356s] Level 1:colcon.colcon_core.package_identification:_identify(src) by extensions ['ignore', 'ignore_ament_install']
[0.356s] Level 1:colcon.colcon_core.package_identification:_identify(src) by extension 'ignore'
[0.356s] Level 1:colcon.colcon_core.package_identification:_identify(src) by extension 'ignore_ament_install'
[0.356s] Level 1:colcon.colcon_core.package_identification:_identify(src) by extensions ['colcon_pkg']
[0.356s] Level 1:colcon.colcon_core.package_identification:_identify(src) by extension 'colcon_pkg'
[0.357s] Level 1:colcon.colcon_core.package_identification:_identify(src) by extensions ['colcon_meta']
[0.357s] Level 1:colcon.colcon_core.package_identification:_identify(src) by extension 'colcon_meta'
[0.357s] Level 1:colcon.colcon_core.package_identification:_identify(src) by extensions ['ros']
[0.357s] Level 1:colcon.colcon_core.package_identification:_identify(src) by extension 'ros'
[0.357s] Level 1:colcon.colcon_core.package_identification:_identify(src) by extensions ['cmake', 'python']
[0.357s] Level 1:colcon.colcon_core.package_identification:_identify(src) by extension 'cmake'
[0.357s] Level 1:colcon.colcon_core.package_identification:_identify(src) by extension 'python'
[0.357s] Level 1:colcon.colcon_core.package_identification:_identify(src) by extensions ['python_setup_py']
[0.357s] Level 1:colcon.colcon_core.package_identification:_identify(src) by extension 'python_setup_py'
[0.357s] Level 1:colcon.colcon_core.package_identification:_identify(src/autonomo) by extensions ['ignore', 'ignore_ament_install']
[0.357s] Level 1:colcon.colcon_core.package_identification:_identify(src/autonomo) by extension 'ignore'
[0.357s] Level 1:colcon.colcon_core.package_identification:_identify(src/autonomo) by extension 'ignore_ament_install'
[0.357s] Level 1:colcon.colcon_core.package_identification:_identify(src/autonomo) by extensions ['colcon_pkg']
[0.357s] Level 1:colcon.colcon_core.package_identification:_identify(src/autonomo) by extension 'colcon_pkg'
[0.357s] Level 1:colcon.colcon_core.package_identification:_identify(src/autonomo) by extensions ['colcon_meta']
[0.357s] Level 1:colcon.colcon_core.package_identification:_identify(src/autonomo) by extension 'colcon_meta'
[0.357s] Level 1:colcon.colcon_core.package_identification:_identify(src/autonomo) by extensions ['ros']
[0.357s] Level 1:colcon.colcon_core.package_identification:_identify(src/autonomo) by extension 'ros'
[0.360s] DEBUG:colcon.colcon_core.package_identification:Package 'src/autonomo' with type 'ros.ament_python' and name 'autonomo'
[0.360s] Level 1:colcon.colcon_core.package_discovery:discover_packages(recursive) using defaults
[0.360s] Level 1:colcon.colcon_core.package_discovery:discover_packages(ignore) discover
[0.360s] Level 1:colcon.colcon_core.package_discovery:discover_packages(ignore) using defaults
[0.361s] Level 1:colcon.colcon_core.package_discovery:discover_packages(path) discover
[0.361s] Level 1:colcon.colcon_core.package_discovery:discover_packages(path) using defaults
[0.382s] Level 1:colcon.colcon_core.package_discovery:discover_packages(prefix_path) check parameters
[0.382s] Level 1:colcon.colcon_core.package_discovery:discover_packages(prefix_path) discover
[0.383s] DEBUG:colcon.colcon_installed_package_information.package_discovery:Found 1 installed packages in /home/emmanuel13/code/AyDpVA/ros2_ws/install
[0.385s] DEBUG:colcon.colcon_installed_package_information.package_discovery:Found 286 installed packages in /opt/ros/rolling
[0.386s] Level 1:colcon.colcon_core.package_discovery:discover_packages(prefix_path) using defaults
[0.437s] Level 5:colcon.colcon_core.verb:set package 'autonomo' build argument 'cmake_args' from command line to 'None'
[0.437s] Level 5:colcon.colcon_core.verb:set package 'autonomo' build argument 'cmake_target' from command line to 'None'
[0.437s] Level 5:colcon.colcon_core.verb:set package 'autonomo' build argument 'cmake_target_skip_unavailable' from command line to 'False'
[0.437s] Level 5:colcon.colcon_core.verb:set package 'autonomo' build argument 'cmake_clean_cache' from command line to 'False'
[0.437s] Level 5:colcon.colcon_core.verb:set package 'autonomo' build argument 'cmake_clean_first' from command line to 'False'
[0.437s] Level 5:colcon.colcon_core.verb:set package 'autonomo' build argument 'cmake_force_configure' from command line to 'False'
[0.437s] Level 5:colcon.colcon_core.verb:set package 'autonomo' build argument 'ament_cmake_args' from command line to 'None'
[0.437s] Level 5:colcon.colcon_core.verb:set package 'autonomo' build argument 'catkin_cmake_args' from command line to 'None'
[0.437s] Level 5:colcon.colcon_core.verb:set package 'autonomo' build argument 'catkin_skip_building_tests' from command line to 'False'
[0.437s] DEBUG:colcon.colcon_core.verb:Building package 'autonomo' with the following arguments: {'ament_cmake_args': None, 'build_base': '/home/emmanuel13/code/AyDpVA/ros2_ws/build/autonomo', 'catkin_cmake_args': None, 'catkin_skip_building_tests': False, 'cmake_args': None, 'cmake_clean_cache': False, 'cmake_clean_first': False, 'cmake_force_configure': False, 'cmake_target': None, 'cmake_target_skip_unavailable': False, 'install_base': '/home/emmanuel13/code/AyDpVA/ros2_ws/install/autonomo', 'merge_install': False, 'path': '/home/emmanuel13/code/AyDpVA/ros2_ws/src/autonomo', 'symlink_install': False, 'test_result_base': None}
[0.437s] INFO:colcon.colcon_core.executor:Executing jobs using 'parallel' executor
[0.439s] DEBUG:colcon.colcon_parallel_executor.executor.parallel:run_until_complete
[0.439s] INFO:colcon.colcon_ros.task.ament_python.build:Building ROS package in '/home/emmanuel13/code/AyDpVA/ros2_ws/src/autonomo' with build type 'ament_python'
[0.439s] Level 1:colcon.colcon_core.shell:create_environment_hook('autonomo', 'ament_prefix_path')
[0.443s] INFO:colcon.colcon_core.plugin_system:Skipping extension 'colcon_core.shell.bat': Not used on non-Windows systems
[0.443s] INFO:colcon.colcon_core.shell:Creating environment hook '/home/emmanuel13/code/AyDpVA/ros2_ws/install/autonomo/share/autonomo/hook/ament_prefix_path.ps1'
[0.443s] INFO:colcon.colcon_core.shell:Creating environment descriptor '/home/emmanuel13/code/AyDpVA/ros2_ws/install/autonomo/share/autonomo/hook/ament_prefix_path.dsv'
[0.444s] INFO:colcon.colcon_core.shell:Creating environment hook '/home/emmanuel13/code/AyDpVA/ros2_ws/install/autonomo/share/autonomo/hook/ament_prefix_path.sh'
[0.445s] INFO:colcon.colcon_core.shell:Skip shell extension 'powershell' for command environment: Not usable outside of PowerShell
[0.445s] DEBUG:colcon.colcon_core.shell:Skip shell extension 'dsv' for command environment
[0.771s] INFO:colcon.colcon_core.task.python.build:Building Python package in '/home/emmanuel13/code/AyDpVA/ros2_ws/src/autonomo'
[0.772s] INFO:colcon.colcon_core.shell:Skip shell extension 'powershell' for command environment: Not usable outside of PowerShell
[0.772s] DEBUG:colcon.colcon_core.shell:Skip shell extension 'dsv' for command environment
[1.889s] DEBUG:colcon.colcon_core.event_handler.log_command:Invoking command in '/home/emmanuel13/code/AyDpVA/ros2_ws/src/autonomo': PYTHONPATH=/home/emmanuel13/code/AyDpVA/ros2_ws/build/autonomo/prefix_override:/usr/lib/python3/dist-packages/colcon_core/task/python/colcon_distutils_commands:/home/emmanuel13/code/AyDpVA/ros2_ws/install/autonomo/lib/python3.12/site-packages:${PYTHONPATH} /usr/bin/python3 -W ignore:setup.py install is deprecated setup.py egg_info --egg-base ../../build/autonomo build --build-base /home/emmanuel13/code/AyDpVA/ros2_ws/build/autonomo/build install --record /home/emmanuel13/code/AyDpVA/ros2_ws/build/autonomo/install.log --single-version-externally-managed install_data
[2.688s] DEBUG:colcon.colcon_core.event_handler.log_command:Invoked command in '/home/emmanuel13/code/AyDpVA/ros2_ws/src/autonomo' returned '0': PYTHONPATH=/home/emmanuel13/code/AyDpVA/ros2_ws/build/autonomo/prefix_override:/usr/lib/python3/dist-packages/colcon_core/task/python/colcon_distutils_commands:/home/emmanuel13/code/AyDpVA/ros2_ws/install/autonomo/lib/python3.12/site-packages:${PYTHONPATH} /usr/bin/python3 -W ignore:setup.py install is deprecated setup.py egg_info --egg-base ../../build/autonomo build --build-base /home/emmanuel13/code/AyDpVA/ros2_ws/build/autonomo/build install --record /home/emmanuel13/code/AyDpVA/ros2_ws/build/autonomo/install.log --single-version-externally-managed install_data
[2.693s] Level 1:colcon.colcon_core.environment:checking '/home/emmanuel13/code/AyDpVA/ros2_ws/install/autonomo' for CMake module files
[2.695s] Level 1:colcon.colcon_core.environment:checking '/home/emmanuel13/code/AyDpVA/ros2_ws/install/autonomo' for CMake config files
[2.698s] Level 1:colcon.colcon_core.environment:checking '/home/emmanuel13/code/AyDpVA/ros2_ws/install/autonomo/lib'
[2.698s] Level 1:colcon.colcon_core.environment:checking '/home/emmanuel13/code/AyDpVA/ros2_ws/install/autonomo/bin'
[2.698s] Level 1:colcon.colcon_core.environment:checking '/home/emmanuel13/code/AyDpVA/ros2_ws/install/autonomo/lib/pkgconfig/autonomo.pc'
[2.699s] Level 1:colcon.colcon_core.environment:checking '/home/emmanuel13/code/AyDpVA/ros2_ws/install/autonomo/lib/python3.12/site-packages'
[2.699s] Level 1:colcon.colcon_core.shell:create_environment_hook('autonomo', 'pythonpath')
[2.700s] INFO:colcon.colcon_core.shell:Creating environment hook '/home/emmanuel13/code/AyDpVA/ros2_ws/install/autonomo/share/autonomo/hook/pythonpath.ps1'
[2.701s] INFO:colcon.colcon_core.shell:Creating environment descriptor '/home/emmanuel13/code/AyDpVA/ros2_ws/install/autonomo/share/autonomo/hook/pythonpath.dsv'
[2.702s] INFO:colcon.colcon_core.shell:Creating environment hook '/home/emmanuel13/code/AyDpVA/ros2_ws/install/autonomo/share/autonomo/hook/pythonpath.sh'
[2.703s] Level 1:colcon.colcon_core.environment:checking '/home/emmanuel13/code/AyDpVA/ros2_ws/install/autonomo/bin'
[2.703s] Level 1:colcon.colcon_core.environment:create_environment_scripts_only(autonomo)
[2.704s] INFO:colcon.colcon_core.shell:Creating package script '/home/emmanuel13/code/AyDpVA/ros2_ws/install/autonomo/share/autonomo/package.ps1'
[2.706s] INFO:colcon.colcon_core.shell:Creating package descriptor '/home/emmanuel13/code/AyDpVA/ros2_ws/install/autonomo/share/autonomo/package.dsv'
[2.707s] INFO:colcon.colcon_core.shell:Creating package script '/home/emmanuel13/code/AyDpVA/ros2_ws/install/autonomo/share/autonomo/package.sh'
[2.708s] INFO:colcon.colcon_core.shell:Creating package script '/home/emmanuel13/code/AyDpVA/ros2_ws/install/autonomo/share/autonomo/package.bash'
[2.710s] INFO:colcon.colcon_core.shell:Creating package script '/home/emmanuel13/code/AyDpVA/ros2_ws/install/autonomo/share/autonomo/package.zsh'
[2.711s] Level 1:colcon.colcon_core.environment:create_file_with_runtime_dependencies(/home/emmanuel13/code/AyDpVA/ros2_ws/install/autonomo/share/colcon-core/packages/autonomo)
[2.712s] DEBUG:colcon.colcon_parallel_executor.executor.parallel:closing loop
[2.715s] DEBUG:colcon.colcon_parallel_executor.executor.parallel:loop closed
[2.715s] DEBUG:colcon.colcon_parallel_executor.executor.parallel:run_until_complete finished with '0'
[2.715s] DEBUG:colcon.colcon_core.event_reactor:joining thread
[2.774s] INFO:colcon.colcon_core.plugin_system:Skipping extension 'colcon_notification.desktop_notification.notify_send': Could not find 'notify-send'
[2.775s] INFO:colcon.colcon_core.plugin_system:Skipping extension 'colcon_notification.desktop_notification.terminal_notifier': Not used on non-Darwin systems
[2.775s] INFO:colcon.colcon_core.plugin_system:Skipping extension 'colcon_notification.desktop_notification.win32': Not used on non-Windows systems
[2.775s] INFO:colcon.colcon_notification.desktop_notification:Sending desktop notification using 'notify2'
[2.790s] DEBUG:colcon.colcon_notification.desktop_notification.notify2:Failed to initialize notify2: org.freedesktop.DBus.Error.ServiceUnknown: The name org.freedesktop.Notifications was not provided by any .service files
[2.791s] DEBUG:colcon.colcon_core.event_reactor:joined thread
[2.792s] INFO:colcon.colcon_core.shell:Creating prefix script '/home/emmanuel13/code/AyDpVA/ros2_ws/install/local_setup.ps1'
[2.794s] INFO:colcon.colcon_core.shell:Creating prefix util module '/home/emmanuel13/code/AyDpVA/ros2_ws/install/_local_setup_util_ps1.py'
[2.797s] INFO:colcon.colcon_core.shell:Creating prefix chain script '/home/emmanuel13/code/AyDpVA/ros2_ws/install/setup.ps1'
[2.799s] INFO:colcon.colcon_core.shell:Creating prefix script '/home/emmanuel13/code/AyDpVA/ros2_ws/install/local_setup.sh'
[2.800s] INFO:colcon.colcon_core.shell:Creating prefix util module '/home/emmanuel13/code/AyDpVA/ros2_ws/install/_local_setup_util_sh.py'
[2.801s] INFO:colcon.colcon_core.shell:Creating prefix chain script '/home/emmanuel13/code/AyDpVA/ros2_ws/install/setup.sh'
[2.804s] INFO:colcon.colcon_core.shell:Creating prefix script '/home/emmanuel13/code/AyDpVA/ros2_ws/install/local_setup.bash'
[2.805s] INFO:colcon.colcon_core.shell:Creating prefix chain script '/home/emmanuel13/code/AyDpVA/ros2_ws/install/setup.bash'
[2.807s] INFO:colcon.colcon_core.shell:Creating prefix script '/home/emmanuel13/code/AyDpVA/ros2_ws/install/local_setup.zsh'
[2.809s] INFO:colcon.colcon_core.shell:Creating prefix chain script '/home/emmanuel13/code/AyDpVA/ros2_ws/install/setup.zsh'
