[0.062s] Invoking command in '/home/ezechiel/code/AyDpVA/ros2_ws/build/alarma': CMAKE_PREFIX_PATH=${CMAKE_PREFIX_PATH}:/home/ezechiel/code/AyDpVA/ros2_ws/install/autonomo:/opt/ros/rolling /usr/bin/cmake --build /home/ezechiel/code/AyDpVA/ros2_ws/build/alarma -- -j4 -l4
[0.709s] Invoked command in '/home/ezechiel/code/AyDpVA/ros2_ws/build/alarma' returned '0': CMAKE_PREFIX_PATH=${CMAKE_PREFIX_PATH}:/home/ezechiel/code/AyDpVA/ros2_ws/install/autonomo:/opt/ros/rolling /usr/bin/cmake --build /home/ezechiel/code/AyDpVA/ros2_ws/build/alarma -- -j4 -l4
[0.765s] Invoking command in '/home/ezechiel/code/AyDpVA/ros2_ws/build/alarma': CMAKE_PREFIX_PATH=${CMAKE_PREFIX_PATH}:/home/ezechiel/code/AyDpVA/ros2_ws/install/autonomo:/opt/ros/rolling /usr/bin/cmake --install /home/ezechiel/code/AyDpVA/ros2_ws/build/alarma
[0.784s] -- Install configuration: ""
[0.786s] -- Up-to-date: /home/ezechiel/code/AyDpVA/ros2_ws/install/alarma/share/ament_index/resource_index/package_run_dependencies/alarma
[0.787s] -- Up-to-date: /home/ezechiel/code/AyDpVA/ros2_ws/install/alarma/share/ament_index/resource_index/parent_prefix_path/alarma
[0.787s] -- Up-to-date: /home/ezechiel/code/AyDpVA/ros2_ws/install/alarma/share/alarma/environment/ament_prefix_path.sh
[0.788s] -- Up-to-date: /home/ezechiel/code/AyDpVA/ros2_ws/install/alarma/share/alarma/environment/ament_prefix_path.dsv
[0.788s] -- Up-to-date: /home/ezechiel/code/AyDpVA/ros2_ws/install/alarma/share/alarma/environment/path.sh
[0.789s] -- Up-to-date: /home/ezechiel/code/AyDpVA/ros2_ws/install/alarma/share/alarma/environment/path.dsv
[0.789s] -- Up-to-date: /home/ezechiel/code/AyDpVA/ros2_ws/install/alarma/share/alarma/local_setup.bash
[0.789s] -- Up-to-date: /home/ezechiel/code/AyDpVA/ros2_ws/install/alarma/share/alarma/local_setup.sh
[0.790s] -- Up-to-date: /home/ezechiel/code/AyDpVA/ros2_ws/install/alarma/share/alarma/local_setup.zsh
[0.790s] -- Up-to-date: /home/ezechiel/code/AyDpVA/ros2_ws/install/alarma/share/alarma/local_setup.dsv
[0.791s] -- Installing: /home/ezechiel/code/AyDpVA/ros2_ws/install/alarma/share/alarma/package.dsv
[0.792s] -- Up-to-date: /home/ezechiel/code/AyDpVA/ros2_ws/install/alarma/share/ament_index/resource_index/packages/alarma
[0.793s] -- Up-to-date: /home/ezechiel/code/AyDpVA/ros2_ws/install/alarma/share/alarma/cmake/alarmaConfig.cmake
[0.794s] -- Up-to-date: /home/ezechiel/code/AyDpVA/ros2_ws/install/alarma/share/alarma/cmake/alarmaConfig-version.cmake
[0.794s] -- Up-to-date: /home/ezechiel/code/AyDpVA/ros2_ws/install/alarma/share/alarma/package.xml
[0.797s] Invoked command in '/home/ezechiel/code/AyDpVA/ros2_ws/build/alarma' returned '0': CMAKE_PREFIX_PATH=${CMAKE_PREFIX_PATH}:/home/ezechiel/code/AyDpVA/ros2_ws/install/autonomo:/opt/ros/rolling /usr/bin/cmake --install /home/ezechiel/code/AyDpVA/ros2_ws/build/alarma
