-- The C compiler identification is GNU 13.2.0
-- The CXX compiler identification is GNU 13.2.0
-- Detecting C compiler ABI info
-- Detecting C compiler ABI info - done
-- Check for working C compiler: /usr/bin/cc - skipped
-- Detecting C compile features
-- Detecting C compile features - done
-- Detecting CXX compiler ABI info
-- Detecting CXX compiler ABI info - done
-- Check for working CXX compiler: /usr/bin/c++ - skipped
-- Detecting CXX compile features
-- Detecting CXX compile features - done
-- Found ament_cmake: 2.7.0 (/opt/ros/rolling/share/ament_cmake/cmake)
-- Found Python3: /usr/bin/python3 (found version "3.12.3") found components: Interpreter 
-- Found rclcpp: 28.3.3 (/opt/ros/rolling/share/rclcpp/cmake)
-- Found rosidl_generator_c: 4.8.1 (/opt/ros/rolling/share/rosidl_generator_c/cmake)
-- Found rosidl_generator_cpp: 4.8.1 (/opt/ros/rolling/share/rosidl_generator_cpp/cmake)
-- Using all available rosidl_typesupport_c: rosidl_typesupport_fastrtps_c;rosidl_typesupport_introspection_c
-- Using all available rosidl_typesupport_cpp: rosidl_typesupport_fastrtps_cpp;rosidl_typesupport_introspection_cpp
-- Found rmw_implementation_cmake: 7.4.3 (/opt/ros/rolling/share/rmw_implementation_cmake/cmake)
-- Found rmw_fastrtps_cpp: 9.0.1 (/opt/ros/rolling/share/rmw_fastrtps_cpp/cmake)
-- Found OpenSSL: /usr/lib/x86_64-linux-gnu/libcrypto.so (found version "3.0.13")  
-- Found FastRTPS: /opt/ros/rolling/include (Required is at least version "2.13") 
-- Using RMW implementation 'rmw_fastrtps_cpp' as default
-- Found std_msgs: 5.4.1 (/opt/ros/rolling/share/std_msgs/cmake)
-- Found ament_lint_auto: 0.18.1 (/opt/ros/rolling/share/ament_lint_auto/cmake)
-- Added test 'lint_cmake' to check CMake code style
-- Added test 'xmllint' to check XML markup files
-- Configuring done (5.6s)
-- Generating done (0.0s)
-- Build files have been written to: /home/ezechiel/code/AyDpVA/ros2_ws/build/alarma
-- Install configuration: ""
-- Installing: /home/ezechiel/code/AyDpVA/ros2_ws/install/alarma/share/ament_index/resource_index/package_run_dependencies/alarma
-- Installing: /home/ezechiel/code/AyDpVA/ros2_ws/install/alarma/share/ament_index/resource_index/parent_prefix_path/alarma
-- Installing: /home/ezechiel/code/AyDpVA/ros2_ws/install/alarma/share/alarma/environment/ament_prefix_path.sh
-- Installing: /home/ezechiel/code/AyDpVA/ros2_ws/install/alarma/share/alarma/environment/ament_prefix_path.dsv
-- Installing: /home/ezechiel/code/AyDpVA/ros2_ws/install/alarma/share/alarma/environment/path.sh
-- Installing: /home/ezechiel/code/AyDpVA/ros2_ws/install/alarma/share/alarma/environment/path.dsv
-- Installing: /home/ezechiel/code/AyDpVA/ros2_ws/install/alarma/share/alarma/local_setup.bash
-- Installing: /home/ezechiel/code/AyDpVA/ros2_ws/install/alarma/share/alarma/local_setup.sh
-- Installing: /home/ezechiel/code/AyDpVA/ros2_ws/install/alarma/share/alarma/local_setup.zsh
-- Installing: /home/ezechiel/code/AyDpVA/ros2_ws/install/alarma/share/alarma/local_setup.dsv
-- Installing: /home/ezechiel/code/AyDpVA/ros2_ws/install/alarma/share/alarma/package.dsv
-- Installing: /home/ezechiel/code/AyDpVA/ros2_ws/install/alarma/share/ament_index/resource_index/packages/alarma
-- Installing: /home/ezechiel/code/AyDpVA/ros2_ws/install/alarma/share/alarma/cmake/alarmaConfig.cmake
-- Installing: /home/ezechiel/code/AyDpVA/ros2_ws/install/alarma/share/alarma/cmake/alarmaConfig-version.cmake
-- Installing: /home/ezechiel/code/AyDpVA/ros2_ws/install/alarma/share/alarma/package.xml
