[2.437s] Invoking command in '/home/ezechiel/code/AyDpVA/ros2_ws/src/autonomo': PYTHONPATH=/home/ezechiel/code/AyDpVA/ros2_ws/build/autonomo/prefix_override:/usr/lib/python3/dist-packages/colcon_core/task/python/colcon_distutils_commands:/home/ezechiel/code/AyDpVA/ros2_ws/install/autonomo/lib/python3.12/site-packages:${PYTHONPATH} /usr/bin/python3 -W ignore:setup.py install is deprecated setup.py egg_info --egg-base ../../build/autonomo build --build-base /home/ezechiel/code/AyDpVA/ros2_ws/build/autonomo/build install --record /home/ezechiel/code/AyDpVA/ros2_ws/build/autonomo/install.log --single-version-externally-managed install_data
[2.933s] running egg_info
[2.935s] creating ../../build/autonomo/autonomo.egg-info
[2.977s] writing ../../build/autonomo/autonomo.egg-info/PKG-INFO
[2.977s] writing dependency_links to ../../build/autonomo/autonomo.egg-info/dependency_links.txt
[2.978s] writing entry points to ../../build/autonomo/autonomo.egg-info/entry_points.txt
[2.979s] writing requirements to ../../build/autonomo/autonomo.egg-info/requires.txt
[2.979s] writing top-level names to ../../build/autonomo/autonomo.egg-info/top_level.txt
[2.979s] writing manifest file '../../build/autonomo/autonomo.egg-info/SOURCES.txt'
[3.059s] reading manifest file '../../build/autonomo/autonomo.egg-info/SOURCES.txt'
[3.060s] writing manifest file '../../build/autonomo/autonomo.egg-info/SOURCES.txt'
[3.061s] running build
[3.061s] running build_py
[3.062s] creating /home/ezechiel/code/AyDpVA/ros2_ws/build/autonomo/build
[3.062s] creating /home/ezechiel/code/AyDpVA/ros2_ws/build/autonomo/build/lib
[3.063s] creating /home/ezechiel/code/AyDpVA/ros2_ws/build/autonomo/build/lib/autonomo
[3.063s] copying autonomo/__init__.py -> /home/ezechiel/code/AyDpVA/ros2_ws/build/autonomo/build/lib/autonomo
[3.064s] copying autonomo/publisher.py -> /home/ezechiel/code/AyDpVA/ros2_ws/build/autonomo/build/lib/autonomo
[3.064s] running install
[3.075s] running install_lib
[3.114s] creating /home/ezechiel/code/AyDpVA/ros2_ws/install/autonomo/lib/python3.12/site-packages/autonomo
[3.115s] copying /home/ezechiel/code/AyDpVA/ros2_ws/build/autonomo/build/lib/autonomo/__init__.py -> /home/ezechiel/code/AyDpVA/ros2_ws/install/autonomo/lib/python3.12/site-packages/autonomo
[3.117s] copying /home/ezechiel/code/AyDpVA/ros2_ws/build/autonomo/build/lib/autonomo/publisher.py -> /home/ezechiel/code/AyDpVA/ros2_ws/install/autonomo/lib/python3.12/site-packages/autonomo
[3.118s] byte-compiling /home/ezechiel/code/AyDpVA/ros2_ws/install/autonomo/lib/python3.12/site-packages/autonomo/__init__.py to __init__.cpython-312.pyc
[3.120s] byte-compiling /home/ezechiel/code/AyDpVA/ros2_ws/install/autonomo/lib/python3.12/site-packages/autonomo/publisher.py to publisher.cpython-312.pyc
[3.121s]   File "/home/ezechiel/code/AyDpVA/ros2_ws/install/autonomo/lib/python3.12/site-packages/autonomo/publisher.py", line 11
[3.121s]     publisher = node.create_publisher(String, 'topic' 10)
[3.122s]                                               ^^^^^^^^^^
[3.122s] SyntaxError: invalid syntax. Perhaps you forgot a comma?
[3.122s] 
[3.122s] running install_data
[3.122s] creating /home/ezechiel/code/AyDpVA/ros2_ws/install/autonomo/share/ament_index
[3.123s] creating /home/ezechiel/code/AyDpVA/ros2_ws/install/autonomo/share/ament_index/resource_index
[3.123s] creating /home/ezechiel/code/AyDpVA/ros2_ws/install/autonomo/share/ament_index/resource_index/packages
[3.124s] copying resource/autonomo -> /home/ezechiel/code/AyDpVA/ros2_ws/install/autonomo/share/ament_index/resource_index/packages
[3.124s] copying package.xml -> /home/ezechiel/code/AyDpVA/ros2_ws/install/autonomo/share/autonomo
[3.125s] running install_egg_info
[3.173s] Copying ../../build/autonomo/autonomo.egg-info to /home/ezechiel/code/AyDpVA/ros2_ws/install/autonomo/lib/python3.12/site-packages/autonomo-0.0.0-py3.12.egg-info
[3.176s] running install_scripts
[3.422s] Installing publisher script to /home/ezechiel/code/AyDpVA/ros2_ws/install/autonomo/lib/autonomo
[3.423s] writing list of installed files to '/home/ezechiel/code/AyDpVA/ros2_ws/build/autonomo/install.log'
[3.477s] Invoked command in '/home/ezechiel/code/AyDpVA/ros2_ws/src/autonomo' returned '0': PYTHONPATH=/home/ezechiel/code/AyDpVA/ros2_ws/build/autonomo/prefix_override:/usr/lib/python3/dist-packages/colcon_core/task/python/colcon_distutils_commands:/home/ezechiel/code/AyDpVA/ros2_ws/install/autonomo/lib/python3.12/site-packages:${PYTHONPATH} /usr/bin/python3 -W ignore:setup.py install is deprecated setup.py egg_info --egg-base ../../build/autonomo build --build-base /home/ezechiel/code/AyDpVA/ros2_ws/build/autonomo/build install --record /home/ezechiel/code/AyDpVA/ros2_ws/build/autonomo/install.log --single-version-externally-managed install_data
