[1.047s] DEBUG:colcon:Command line arguments: ['/usr/bin/colcon', 'build']
[1.048s] DEBUG:colcon:Parsed command line arguments: Namespace(log_base=None, log_level=None, verb_name='build', build_base='build', install_base='install', merge_install=False, symlink_install=False, test_result_base=None, continue_on_error=False, executor='parallel', parallel_workers=8, event_handlers=None, ignore_user_meta=False, metas=['./colcon.meta'], base_paths=['.'], packages_ignore=None, packages_ignore_regex=None, paths=None, packages_up_to=None, packages_up_to_regex=None, packages_above=None, packages_above_and_dependencies=None, packages_above_depth=None, packages_select_by_dep=None, packages_skip_by_dep=None, packages_skip_up_to=None, packages_select_build_failed=False, packages_skip_build_finished=False, packages_select_test_failures=False, packages_skip_test_passed=False, packages_select=None, packages_skip=None, packages_select_regex=None, packages_skip_regex=None, packages_start=None, packages_end=None, allow_overriding=[], cmake_args=None, cmake_target=None, cmake_target_skip_unavailable=False, cmake_clean_cache=False, cmake_clean_first=False, cmake_force_configure=False, ament_cmake_args=None, catkin_cmake_args=None, catkin_skip_building_tests=False, mixin_files=None, mixin=None, verb_parser=<colcon_mixin.mixin.mixin_argument.MixinArgumentDecorator object at 0x7f230a35ade0>, verb_extension=<colcon_core.verb.build.BuildVerb object at 0x7f230a35aa80>, main=<bound method BuildVerb.main of <colcon_core.verb.build.BuildVerb object at 0x7f230a35aa80>>, mixin_verb=('build',))
[1.321s] Level 1:colcon.colcon_core.package_discovery:discover_packages(colcon_meta) check parameters
[1.321s] Level 1:colcon.colcon_core.package_discovery:discover_packages(recursive) check parameters
[1.321s] Level 1:colcon.colcon_core.package_discovery:discover_packages(ignore) check parameters
[1.321s] Level 1:colcon.colcon_core.package_discovery:discover_packages(path) check parameters
[1.321s] Level 1:colcon.colcon_core.package_discovery:discover_packages(colcon_meta) discover
[1.322s] Level 1:colcon.colcon_core.package_discovery:discover_packages(recursive) discover
[1.322s] INFO:colcon.colcon_core.package_discovery:Crawling recursively for packages in '/home/emmanuel13/code/AyDpVA/ros2_ws'
[1.323s] Level 1:colcon.colcon_core.package_identification:_identify(.) by extensions ['ignore', 'ignore_ament_install']
[1.323s] Level 1:colcon.colcon_core.package_identification:_identify(.) by extension 'ignore'
[1.323s] Level 1:colcon.colcon_core.package_identification:_identify(.) by extension 'ignore_ament_install'
[1.323s] Level 1:colcon.colcon_core.package_identification:_identify(.) by extensions ['colcon_pkg']
[1.324s] Level 1:colcon.colcon_core.package_identification:_identify(.) by extension 'colcon_pkg'
[1.324s] Level 1:colcon.colcon_core.package_identification:_identify(.) by extensions ['colcon_meta']
[1.324s] Level 1:colcon.colcon_core.package_identification:_identify(.) by extension 'colcon_meta'
[1.324s] Level 1:colcon.colcon_core.package_identification:_identify(.) by extensions ['ros']
[1.324s] Level 1:colcon.colcon_core.package_identification:_identify(.) by extension 'ros'
[1.483s] Level 1:colcon.colcon_core.package_identification:_identify(.) by extensions ['cmake', 'python']
[1.483s] Level 1:colcon.colcon_core.package_identification:_identify(.) by extension 'cmake'
[1.483s] Level 1:colcon.colcon_core.package_identification:_identify(.) by extension 'python'
[1.483s] Level 1:colcon.colcon_core.package_identification:_identify(.) by extensions ['python_setup_py']
[1.483s] Level 1:colcon.colcon_core.package_identification:_identify(.) by extension 'python_setup_py'
[1.483s] Level 1:colcon.colcon_core.package_identification:_identify(build) by extensions ['ignore', 'ignore_ament_install']
[1.484s] Level 1:colcon.colcon_core.package_identification:_identify(build) by extension 'ignore'
[1.484s] Level 1:colcon.colcon_core.package_identification:_identify(build) ignored
[1.484s] Level 1:colcon.colcon_core.package_identification:_identify(install) by extensions ['ignore', 'ignore_ament_install']
[1.484s] Level 1:colcon.colcon_core.package_identification:_identify(install) by extension 'ignore'
[1.484s] Level 1:colcon.colcon_core.package_identification:_identify(install) ignored
[1.485s] Level 1:colcon.colcon_core.package_identification:_identify(log) by extensions ['ignore', 'ignore_ament_install']
[1.485s] Level 1:colcon.colcon_core.package_identification:_identify(log) by extension 'ignore'
[1.485s] Level 1:colcon.colcon_core.package_identification:_identify(log) ignored
[1.485s] Level 1:colcon.colcon_core.package_identification:_identify(src) by extensions ['ignore', 'ignore_ament_install']
[1.485s] Level 1:colcon.colcon_core.package_identification:_identify(src) by extension 'ignore'
[1.485s] Level 1:colcon.colcon_core.package_identification:_identify(src) by extension 'ignore_ament_install'
[1.486s] Level 1:colcon.colcon_core.package_identification:_identify(src) by extensions ['colcon_pkg']
[1.486s] Level 1:colcon.colcon_core.package_identification:_identify(src) by extension 'colcon_pkg'
[1.486s] Level 1:colcon.colcon_core.package_identification:_identify(src) by extensions ['colcon_meta']
[1.486s] Level 1:colcon.colcon_core.package_identification:_identify(src) by extension 'colcon_meta'
[1.486s] Level 1:colcon.colcon_core.package_identification:_identify(src) by extensions ['ros']
[1.486s] Level 1:colcon.colcon_core.package_identification:_identify(src) by extension 'ros'
[1.486s] Level 1:colcon.colcon_core.package_identification:_identify(src) by extensions ['cmake', 'python']
[1.486s] Level 1:colcon.colcon_core.package_identification:_identify(src) by extension 'cmake'
[1.486s] Level 1:colcon.colcon_core.package_identification:_identify(src) by extension 'python'
[1.486s] Level 1:colcon.colcon_core.package_identification:_identify(src) by extensions ['python_setup_py']
[1.486s] Level 1:colcon.colcon_core.package_identification:_identify(src) by extension 'python_setup_py'
[1.487s] Level 1:colcon.colcon_core.package_identification:_identify(src/autonomo) by extensions ['ignore', 'ignore_ament_install']
[1.487s] Level 1:colcon.colcon_core.package_identification:_identify(src/autonomo) by extension 'ignore'
[1.487s] Level 1:colcon.colcon_core.package_identification:_identify(src/autonomo) by extension 'ignore_ament_install'
[1.487s] Level 1:colcon.colcon_core.package_identification:_identify(src/autonomo) by extensions ['colcon_pkg']
[1.487s] Level 1:colcon.colcon_core.package_identification:_identify(src/autonomo) by extension 'colcon_pkg'
[1.487s] Level 1:colcon.colcon_core.package_identification:_identify(src/autonomo) by extensions ['colcon_meta']
[1.487s] Level 1:colcon.colcon_core.package_identification:_identify(src/autonomo) by extension 'colcon_meta'
[1.487s] Level 1:colcon.colcon_core.package_identification:_identify(src/autonomo) by extensions ['ros']
[1.487s] Level 1:colcon.colcon_core.package_identification:_identify(src/autonomo) by extension 'ros'
[1.493s] DEBUG:colcon.colcon_core.package_identification:Package 'src/autonomo' with type 'ros.ament_python' and name 'autonomo'
[1.494s] Level 1:colcon.colcon_core.package_discovery:discover_packages(recursive) using defaults
[1.494s] Level 1:colcon.colcon_core.package_discovery:discover_packages(ignore) discover
[1.494s] Level 1:colcon.colcon_core.package_discovery:discover_packages(ignore) using defaults
[1.494s] Level 1:colcon.colcon_core.package_discovery:discover_packages(path) discover
[1.494s] Level 1:colcon.colcon_core.package_discovery:discover_packages(path) using defaults
[1.538s] Level 1:colcon.colcon_core.package_discovery:discover_packages(prefix_path) check parameters
[1.539s] Level 1:colcon.colcon_core.package_discovery:discover_packages(prefix_path) discover
[1.544s] DEBUG:colcon.colcon_installed_package_information.package_discovery:Found 1 installed packages in /home/emmanuel13/code/AyDpVA/ros2_ws/install
[1.547s] DEBUG:colcon.colcon_installed_package_information.package_discovery:Found 286 installed packages in /opt/ros/rolling
[1.548s] Level 1:colcon.colcon_core.package_discovery:discover_packages(prefix_path) using defaults
[1.750s] Level 5:colcon.colcon_core.verb:set package 'autonomo' build argument 'cmake_args' from command line to 'None'
[1.750s] Level 5:colcon.colcon_core.verb:set package 'autonomo' build argument 'cmake_target' from command line to 'None'
[1.750s] Level 5:colcon.colcon_core.verb:set package 'autonomo' build argument 'cmake_target_skip_unavailable' from command line to 'False'
[1.750s] Level 5:colcon.colcon_core.verb:set package 'autonomo' build argument 'cmake_clean_cache' from command line to 'False'
[1.750s] Level 5:colcon.colcon_core.verb:set package 'autonomo' build argument 'cmake_clean_first' from command line to 'False'
[1.750s] Level 5:colcon.colcon_core.verb:set package 'autonomo' build argument 'cmake_force_configure' from command line to 'False'
[1.750s] Level 5:colcon.colcon_core.verb:set package 'autonomo' build argument 'ament_cmake_args' from command line to 'None'
[1.750s] Level 5:colcon.colcon_core.verb:set package 'autonomo' build argument 'catkin_cmake_args' from command line to 'None'
[1.750s] Level 5:colcon.colcon_core.verb:set package 'autonomo' build argument 'catkin_skip_building_tests' from command line to 'False'
[1.751s] DEBUG:colcon.colcon_core.verb:Building package 'autonomo' with the following arguments: {'ament_cmake_args': None, 'build_base': '/home/emmanuel13/code/AyDpVA/ros2_ws/build/autonomo', 'catkin_cmake_args': None, 'catkin_skip_building_tests': False, 'cmake_args': None, 'cmake_clean_cache': False, 'cmake_clean_first': False, 'cmake_force_configure': False, 'cmake_target': None, 'cmake_target_skip_unavailable': False, 'install_base': '/home/emmanuel13/code/AyDpVA/ros2_ws/install/autonomo', 'merge_install': False, 'path': '/home/emmanuel13/code/AyDpVA/ros2_ws/src/autonomo', 'symlink_install': False, 'test_result_base': None}
[1.751s] INFO:colcon.colcon_core.executor:Executing jobs using 'parallel' executor
[1.753s] DEBUG:colcon.colcon_parallel_executor.executor.parallel:run_until_complete
[1.753s] INFO:colcon.colcon_ros.task.ament_python.build:Building ROS package in '/home/emmanuel13/code/AyDpVA/ros2_ws/src/autonomo' with build type 'ament_python'
[1.754s] Level 1:colcon.colcon_core.shell:create_environment_hook('autonomo', 'ament_prefix_path')
[1.762s] INFO:colcon.colcon_core.plugin_system:Skipping extension 'colcon_core.shell.bat': Not used on non-Windows systems
[1.762s] INFO:colcon.colcon_core.shell:Creating environment hook '/home/emmanuel13/code/AyDpVA/ros2_ws/install/autonomo/share/autonomo/hook/ament_prefix_path.ps1'
[1.766s] INFO:colcon.colcon_core.shell:Creating environment descriptor '/home/emmanuel13/code/AyDpVA/ros2_ws/install/autonomo/share/autonomo/hook/ament_prefix_path.dsv'
[1.767s] INFO:colcon.colcon_core.shell:Creating environment hook '/home/emmanuel13/code/AyDpVA/ros2_ws/install/autonomo/share/autonomo/hook/ament_prefix_path.sh'
[1.769s] INFO:colcon.colcon_core.shell:Skip shell extension 'powershell' for command environment: Not usable outside of PowerShell
[1.769s] DEBUG:colcon.colcon_core.shell:Skip shell extension 'dsv' for command environment
[2.472s] INFO:colcon.colcon_core.task.python.build:Building Python package in '/home/emmanuel13/code/AyDpVA/ros2_ws/src/autonomo'
[2.472s] INFO:colcon.colcon_core.shell:Skip shell extension 'powershell' for command environment: Not usable outside of PowerShell
[2.472s] DEBUG:colcon.colcon_core.shell:Skip shell extension 'dsv' for command environment
[4.495s] DEBUG:colcon.colcon_core.event_handler.log_command:Invoking command in '/home/emmanuel13/code/AyDpVA/ros2_ws/src/autonomo': PYTHONPATH=/home/emmanuel13/code/AyDpVA/ros2_ws/build/autonomo/prefix_override:/usr/lib/python3/dist-packages/colcon_core/task/python/colcon_distutils_commands:/home/emmanuel13/code/AyDpVA/ros2_ws/install/autonomo/lib/python3.12/site-packages:${PYTHONPATH} /usr/bin/python3 -W ignore:setup.py install is deprecated setup.py egg_info --egg-base ../../build/autonomo build --build-base /home/emmanuel13/code/AyDpVA/ros2_ws/build/autonomo/build install --record /home/emmanuel13/code/AyDpVA/ros2_ws/build/autonomo/install.log --single-version-externally-managed install_data
[5.719s] DEBUG:colcon.colcon_core.event_handler.log_command:Invoked command in '/home/emmanuel13/code/AyDpVA/ros2_ws/src/autonomo' returned '0': PYTHONPATH=/home/emmanuel13/code/AyDpVA/ros2_ws/build/autonomo/prefix_override:/usr/lib/python3/dist-packages/colcon_core/task/python/colcon_distutils_commands:/home/emmanuel13/code/AyDpVA/ros2_ws/install/autonomo/lib/python3.12/site-packages:${PYTHONPATH} /usr/bin/python3 -W ignore:setup.py install is deprecated setup.py egg_info --egg-base ../../build/autonomo build --build-base /home/emmanuel13/code/AyDpVA/ros2_ws/build/autonomo/build install --record /home/emmanuel13/code/AyDpVA/ros2_ws/build/autonomo/install.log --single-version-externally-managed install_data
[5.731s] Level 1:colcon.colcon_core.environment:checking '/home/emmanuel13/code/AyDpVA/ros2_ws/install/autonomo' for CMake module files
[5.734s] Level 1:colcon.colcon_core.environment:checking '/home/emmanuel13/code/AyDpVA/ros2_ws/install/autonomo' for CMake config files
[5.738s] Level 1:colcon.colcon_core.environment:checking '/home/emmanuel13/code/AyDpVA/ros2_ws/install/autonomo/lib'
[5.738s] Level 1:colcon.colcon_core.environment:checking '/home/emmanuel13/code/AyDpVA/ros2_ws/install/autonomo/bin'
[5.738s] Level 1:colcon.colcon_core.environment:checking '/home/emmanuel13/code/AyDpVA/ros2_ws/install/autonomo/lib/pkgconfig/autonomo.pc'
[5.739s] Level 1:colcon.colcon_core.environment:checking '/home/emmanuel13/code/AyDpVA/ros2_ws/install/autonomo/lib/python3.12/site-packages'
[5.739s] Level 1:colcon.colcon_core.shell:create_environment_hook('autonomo', 'pythonpath')
[5.740s] INFO:colcon.colcon_core.shell:Creating environment hook '/home/emmanuel13/code/AyDpVA/ros2_ws/install/autonomo/share/autonomo/hook/pythonpath.ps1'
[5.742s] INFO:colcon.colcon_core.shell:Creating environment descriptor '/home/emmanuel13/code/AyDpVA/ros2_ws/install/autonomo/share/autonomo/hook/pythonpath.dsv'
[5.743s] INFO:colcon.colcon_core.shell:Creating environment hook '/home/emmanuel13/code/AyDpVA/ros2_ws/install/autonomo/share/autonomo/hook/pythonpath.sh'
[5.745s] Level 1:colcon.colcon_core.environment:checking '/home/emmanuel13/code/AyDpVA/ros2_ws/install/autonomo/bin'
[5.745s] Level 1:colcon.colcon_core.environment:create_environment_scripts_only(autonomo)
[5.746s] INFO:colcon.colcon_core.shell:Creating package script '/home/emmanuel13/code/AyDpVA/ros2_ws/install/autonomo/share/autonomo/package.ps1'
[5.748s] INFO:colcon.colcon_core.shell:Creating package descriptor '/home/emmanuel13/code/AyDpVA/ros2_ws/install/autonomo/share/autonomo/package.dsv'
[5.750s] INFO:colcon.colcon_core.shell:Creating package script '/home/emmanuel13/code/AyDpVA/ros2_ws/install/autonomo/share/autonomo/package.sh'
[5.752s] INFO:colcon.colcon_core.shell:Creating package script '/home/emmanuel13/code/AyDpVA/ros2_ws/install/autonomo/share/autonomo/package.bash'
[5.754s] INFO:colcon.colcon_core.shell:Creating package script '/home/emmanuel13/code/AyDpVA/ros2_ws/install/autonomo/share/autonomo/package.zsh'
[5.756s] Level 1:colcon.colcon_core.environment:create_file_with_runtime_dependencies(/home/emmanuel13/code/AyDpVA/ros2_ws/install/autonomo/share/colcon-core/packages/autonomo)
[5.757s] DEBUG:colcon.colcon_parallel_executor.executor.parallel:closing loop
[5.760s] DEBUG:colcon.colcon_parallel_executor.executor.parallel:loop closed
[5.760s] DEBUG:colcon.colcon_parallel_executor.executor.parallel:run_until_complete finished with '0'
[5.760s] DEBUG:colcon.colcon_core.event_reactor:joining thread
[5.867s] INFO:colcon.colcon_core.plugin_system:Skipping extension 'colcon_notification.desktop_notification.notify_send': Could not find 'notify-send'
[5.868s] INFO:colcon.colcon_core.plugin_system:Skipping extension 'colcon_notification.desktop_notification.terminal_notifier': Not used on non-Darwin systems
[5.868s] INFO:colcon.colcon_core.plugin_system:Skipping extension 'colcon_notification.desktop_notification.win32': Not used on non-Windows systems
[5.868s] INFO:colcon.colcon_notification.desktop_notification:Sending desktop notification using 'notify2'
[5.948s] DEBUG:colcon.colcon_notification.desktop_notification.notify2:Failed to initialize notify2: org.freedesktop.DBus.Error.ServiceUnknown: The name org.freedesktop.Notifications was not provided by any .service files
[5.949s] DEBUG:colcon.colcon_core.event_reactor:joined thread
[5.950s] INFO:colcon.colcon_core.shell:Creating prefix script '/home/emmanuel13/code/AyDpVA/ros2_ws/install/local_setup.ps1'
[5.953s] INFO:colcon.colcon_core.shell:Creating prefix util module '/home/emmanuel13/code/AyDpVA/ros2_ws/install/_local_setup_util_ps1.py'
[5.959s] INFO:colcon.colcon_core.shell:Creating prefix chain script '/home/emmanuel13/code/AyDpVA/ros2_ws/install/setup.ps1'
[5.962s] INFO:colcon.colcon_core.shell:Creating prefix script '/home/emmanuel13/code/AyDpVA/ros2_ws/install/local_setup.sh'
[5.966s] INFO:colcon.colcon_core.shell:Creating prefix util module '/home/emmanuel13/code/AyDpVA/ros2_ws/install/_local_setup_util_sh.py'
[5.968s] INFO:colcon.colcon_core.shell:Creating prefix chain script '/home/emmanuel13/code/AyDpVA/ros2_ws/install/setup.sh'
[5.970s] INFO:colcon.colcon_core.shell:Creating prefix script '/home/emmanuel13/code/AyDpVA/ros2_ws/install/local_setup.bash'
[5.971s] INFO:colcon.colcon_core.shell:Creating prefix chain script '/home/emmanuel13/code/AyDpVA/ros2_ws/install/setup.bash'
[5.973s] INFO:colcon.colcon_core.shell:Creating prefix script '/home/emmanuel13/code/AyDpVA/ros2_ws/install/local_setup.zsh'
[5.974s] INFO:colcon.colcon_core.shell:Creating prefix chain script '/home/emmanuel13/code/AyDpVA/ros2_ws/install/setup.zsh'
