[1.080s] Invoking command in '/home/emmanuel13/code/AyDpVA/ros2_ws/src/autonomo': PYTHONPATH=/home/emmanuel13/code/AyDpVA/ros2_ws/build/autonomo/prefix_override:/usr/lib/python3/dist-packages/colcon_core/task/python/colcon_distutils_commands:/home/emmanuel13/code/AyDpVA/ros2_ws/install/autonomo/lib/python3.12/site-packages:${PYTHONPATH} /usr/bin/python3 -W ignore:setup.py install is deprecated setup.py egg_info --egg-base ../../build/autonomo build --build-base /home/emmanuel13/code/AyDpVA/ros2_ws/build/autonomo/build install --record /home/emmanuel13/code/AyDpVA/ros2_ws/build/autonomo/install.log --single-version-externally-managed install_data
[1.461s] running egg_info
[1.496s] writing ../../build/autonomo/autonomo.egg-info/PKG-INFO
[1.497s] writing dependency_links to ../../build/autonomo/autonomo.egg-info/dependency_links.txt
[1.497s] writing entry points to ../../build/autonomo/autonomo.egg-info/entry_points.txt
[1.497s] writing requirements to ../../build/autonomo/autonomo.egg-info/requires.txt
[1.497s] writing top-level names to ../../build/autonomo/autonomo.egg-info/top_level.txt
[1.556s] reading manifest file '../../build/autonomo/autonomo.egg-info/SOURCES.txt'
[1.557s] writing manifest file '../../build/autonomo/autonomo.egg-info/SOURCES.txt'
[1.557s] running build
[1.558s] running build_py
[1.558s] running install
[1.566s] running install_lib
[1.593s] running install_data
[1.593s] running install_egg_info
[1.620s] removing '/home/emmanuel13/code/AyDpVA/ros2_ws/install/autonomo/lib/python3.12/site-packages/autonomo-0.0.0-py3.12.egg-info' (and everything under it)
[1.621s] Copying ../../build/autonomo/autonomo.egg-info to /home/emmanuel13/code/AyDpVA/ros2_ws/install/autonomo/lib/python3.12/site-packages/autonomo-0.0.0-py3.12.egg-info
[1.622s] running install_scripts
[1.796s] Installing publisher script to /home/emmanuel13/code/AyDpVA/ros2_ws/install/autonomo/lib/autonomo
[1.797s] Installing publisheralarm script to /home/emmanuel13/code/AyDpVA/ros2_ws/install/autonomo/lib/autonomo
[1.797s] Installing publisherveh script to /home/emmanuel13/code/AyDpVA/ros2_ws/install/autonomo/lib/autonomo
[1.798s] Installing subscriber script to /home/emmanuel13/code/AyDpVA/ros2_ws/install/autonomo/lib/autonomo
[1.798s] Installing subscriberveh script to /home/emmanuel13/code/AyDpVA/ros2_ws/install/autonomo/lib/autonomo
[1.799s] Installing susbcriberalarm script to /home/emmanuel13/code/AyDpVA/ros2_ws/install/autonomo/lib/autonomo
[1.799s] writing list of installed files to '/home/emmanuel13/code/AyDpVA/ros2_ws/build/autonomo/install.log'
[1.849s] Invoked command in '/home/emmanuel13/code/AyDpVA/ros2_ws/src/autonomo' returned '0': PYTHONPATH=/home/emmanuel13/code/AyDpVA/ros2_ws/build/autonomo/prefix_override:/usr/lib/python3/dist-packages/colcon_core/task/python/colcon_distutils_commands:/home/emmanuel13/code/AyDpVA/ros2_ws/install/autonomo/lib/python3.12/site-packages:${PYTHONPATH} /usr/bin/python3 -W ignore:setup.py install is deprecated setup.py egg_info --egg-base ../../build/autonomo build --build-base /home/emmanuel13/code/AyDpVA/ros2_ws/build/autonomo/build install --record /home/emmanuel13/code/AyDpVA/ros2_ws/build/autonomo/install.log --single-version-externally-managed install_data
