[1.807s] Invoking command in '/home/emmanuel13/code/AyDpVA/ros2_ws/src/autonomo': PYTHONPATH=/home/emmanuel13/code/AyDpVA/ros2_ws/build/autonomo/prefix_override:/usr/lib/python3/dist-packages/colcon_core/task/python/colcon_distutils_commands:/home/emmanuel13/code/AyDpVA/ros2_ws/install/autonomo/lib/python3.12/site-packages:${PYTHONPATH} /usr/bin/python3 -W ignore:setup.py install is deprecated setup.py egg_info --egg-base ../../build/autonomo build --build-base /home/emmanuel13/code/AyDpVA/ros2_ws/build/autonomo/build install --record /home/emmanuel13/code/AyDpVA/ros2_ws/build/autonomo/install.log --single-version-externally-managed install_data
[2.364s] running egg_info
[2.418s] writing ../../build/autonomo/autonomo.egg-info/PKG-INFO
[2.419s] writing dependency_links to ../../build/autonomo/autonomo.egg-info/dependency_links.txt
[2.420s] writing entry points to ../../build/autonomo/autonomo.egg-info/entry_points.txt
[2.420s] writing requirements to ../../build/autonomo/autonomo.egg-info/requires.txt
[2.421s] writing top-level names to ../../build/autonomo/autonomo.egg-info/top_level.txt
[2.550s] reading manifest file '../../build/autonomo/autonomo.egg-info/SOURCES.txt'
[2.554s] writing manifest file '../../build/autonomo/autonomo.egg-info/SOURCES.txt'
[2.555s] running build
[2.555s] running build_py
[2.556s] running install
[2.580s] running install_lib
[2.658s] running install_data
[2.658s] running install_egg_info
[2.722s] removing '/home/emmanuel13/code/AyDpVA/ros2_ws/install/autonomo/lib/python3.12/site-packages/autonomo-0.0.0-py3.12.egg-info' (and everything under it)
[2.723s] Copying ../../build/autonomo/autonomo.egg-info to /home/emmanuel13/code/AyDpVA/ros2_ws/install/autonomo/lib/python3.12/site-packages/autonomo-0.0.0-py3.12.egg-info
[2.724s] running install_scripts
[2.956s] Installing publisher script to /home/emmanuel13/code/AyDpVA/ros2_ws/install/autonomo/lib/autonomo
[2.957s] Installing publisherveh script to /home/emmanuel13/code/AyDpVA/ros2_ws/install/autonomo/lib/autonomo
[2.958s] Installing subscriber script to /home/emmanuel13/code/AyDpVA/ros2_ws/install/autonomo/lib/autonomo
[2.959s] Installing subscriberveh script to /home/emmanuel13/code/AyDpVA/ros2_ws/install/autonomo/lib/autonomo
[2.959s] writing list of installed files to '/home/emmanuel13/code/AyDpVA/ros2_ws/build/autonomo/install.log'
[3.045s] Invoked command in '/home/emmanuel13/code/AyDpVA/ros2_ws/src/autonomo' returned '0': PYTHONPATH=/home/emmanuel13/code/AyDpVA/ros2_ws/build/autonomo/prefix_override:/usr/lib/python3/dist-packages/colcon_core/task/python/colcon_distutils_commands:/home/emmanuel13/code/AyDpVA/ros2_ws/install/autonomo/lib/python3.12/site-packages:${PYTHONPATH} /usr/bin/python3 -W ignore:setup.py install is deprecated setup.py egg_info --egg-base ../../build/autonomo build --build-base /home/emmanuel13/code/AyDpVA/ros2_ws/build/autonomo/build install --record /home/emmanuel13/code/AyDpVA/ros2_ws/build/autonomo/install.log --single-version-externally-managed install_data
