[1.535s] Invoking command in '/home/ezechiel/code/AyDpVA/ros2_ws/src/autonomo': PYTHONPATH=/home/ezechiel/code/AyDpVA/ros2_ws/build/autonomo/prefix_override:/usr/lib/python3/dist-packages/colcon_core/task/python/colcon_distutils_commands:/home/ezechiel/code/AyDpVA/ros2_ws/install/autonomo/lib/python3.12/site-packages:${PYTHONPATH} /usr/bin/python3 -W ignore:setup.py install is deprecated setup.py egg_info --egg-base ../../build/autonomo build --build-base /home/ezechiel/code/AyDpVA/ros2_ws/build/autonomo/build install --record /home/ezechiel/code/AyDpVA/ros2_ws/build/autonomo/install.log --single-version-externally-managed install_data
[2.069s] running egg_info
[2.107s] writing ../../build/autonomo/autonomo.egg-info/PKG-INFO
[2.107s] writing dependency_links to ../../build/autonomo/autonomo.egg-info/dependency_links.txt
[2.108s] writing entry points to ../../build/autonomo/autonomo.egg-info/entry_points.txt
[2.108s] writing requirements to ../../build/autonomo/autonomo.egg-info/requires.txt
[2.109s] writing top-level names to ../../build/autonomo/autonomo.egg-info/top_level.txt
[2.240s] reading manifest file '../../build/autonomo/autonomo.egg-info/SOURCES.txt'
[2.244s] writing manifest file '../../build/autonomo/autonomo.egg-info/SOURCES.txt'
[2.244s] running build
[2.244s] running build_py
[2.245s] copying autonomo/publisher1.py -> /home/ezechiel/code/AyDpVA/ros2_ws/build/autonomo/build/lib/autonomo
[2.245s] running install
[2.255s] running install_lib
[2.303s] copying /home/ezechiel/code/AyDpVA/ros2_ws/build/autonomo/build/lib/autonomo/publisher1.py -> /home/ezechiel/code/AyDpVA/ros2_ws/install/autonomo/lib/python3.12/site-packages/autonomo
[2.304s] byte-compiling /home/ezechiel/code/AyDpVA/ros2_ws/install/autonomo/lib/python3.12/site-packages/autonomo/publisher1.py to publisher1.cpython-312.pyc
[2.308s] running install_data
[2.308s] running install_egg_info
[2.349s] removing '/home/ezechiel/code/AyDpVA/ros2_ws/install/autonomo/lib/python3.12/site-packages/autonomo-0.0.0-py3.12.egg-info' (and everything under it)
[2.350s] Copying ../../build/autonomo/autonomo.egg-info to /home/ezechiel/code/AyDpVA/ros2_ws/install/autonomo/lib/python3.12/site-packages/autonomo-0.0.0-py3.12.egg-info
[2.354s] running install_scripts
[2.601s] Installing publisher script to /home/ezechiel/code/AyDpVA/ros2_ws/install/autonomo/lib/autonomo
[2.601s] Installing publisher1 script to /home/ezechiel/code/AyDpVA/ros2_ws/install/autonomo/lib/autonomo
[2.602s] Installing subscriber script to /home/ezechiel/code/AyDpVA/ros2_ws/install/autonomo/lib/autonomo
[2.603s] Installing subscriber1 script to /home/ezechiel/code/AyDpVA/ros2_ws/install/autonomo/lib/autonomo
[2.603s] writing list of installed files to '/home/ezechiel/code/AyDpVA/ros2_ws/build/autonomo/install.log'
[2.655s] Invoked command in '/home/ezechiel/code/AyDpVA/ros2_ws/src/autonomo' returned '0': PYTHONPATH=/home/ezechiel/code/AyDpVA/ros2_ws/build/autonomo/prefix_override:/usr/lib/python3/dist-packages/colcon_core/task/python/colcon_distutils_commands:/home/ezechiel/code/AyDpVA/ros2_ws/install/autonomo/lib/python3.12/site-packages:${PYTHONPATH} /usr/bin/python3 -W ignore:setup.py install is deprecated setup.py egg_info --egg-base ../../build/autonomo build --build-base /home/ezechiel/code/AyDpVA/ros2_ws/build/autonomo/build install --record /home/ezechiel/code/AyDpVA/ros2_ws/build/autonomo/install.log --single-version-externally-managed install_data
