[2.591s] Invoking command in '/home/frock/code/AyDpVA/ros2_ws/src/autonomo': PYTHONPATH=/home/frock/code/AyDpVA/ros2_ws/build/autonomo/prefix_override:/usr/lib/python3/dist-packages/colcon_core/task/python/colcon_distutils_commands:/home/frock/code/AyDpVA/ros2_ws/install/autonomo/lib/python3.12/site-packages:${PYTHONPATH} /usr/bin/python3 -W ignore:setup.py install is deprecated setup.py egg_info --egg-base ../../build/autonomo build --build-base /home/frock/code/AyDpVA/ros2_ws/build/autonomo/build install --record /home/frock/code/AyDpVA/ros2_ws/build/autonomo/install.log --single-version-externally-managed install_data
[3.295s] running egg_info
[3.350s] writing ../../build/autonomo/autonomo.egg-info/PKG-INFO
[3.351s] writing dependency_links to ../../build/autonomo/autonomo.egg-info/dependency_links.txt
[3.352s] writing entry points to ../../build/autonomo/autonomo.egg-info/entry_points.txt
[3.352s] writing requirements to ../../build/autonomo/autonomo.egg-info/requires.txt
[3.353s] writing top-level names to ../../build/autonomo/autonomo.egg-info/top_level.txt
[3.466s] reading manifest file '../../build/autonomo/autonomo.egg-info/SOURCES.txt'
[3.471s] writing manifest file '../../build/autonomo/autonomo.egg-info/SOURCES.txt'
[3.472s] running build
[3.472s] running build_py
[3.473s] copying autonomo/publisher.py -> /home/frock/code/AyDpVA/ros2_ws/build/autonomo/build/lib/autonomo
[3.473s] running install
[3.488s] running install_lib
[3.545s] copying /home/frock/code/AyDpVA/ros2_ws/build/autonomo/build/lib/autonomo/publisher.py -> /home/frock/code/AyDpVA/ros2_ws/install/autonomo/lib/python3.12/site-packages/autonomo
[3.547s] byte-compiling /home/frock/code/AyDpVA/ros2_ws/install/autonomo/lib/python3.12/site-packages/autonomo/publisher.py to publisher.cpython-312.pyc
[3.549s]   File "/home/frock/code/AyDpVA/ros2_ws/install/autonomo/lib/python3.12/site-packages/autonomo/publisher.py", line 2
[3.549s]     from std msgs.msg import String
[3.550s]              ^^^^
[3.550s] SyntaxError: invalid syntax
[3.550s] 
[3.550s] running install_data
[3.551s] running install_egg_info
[3.608s] removing '/home/frock/code/AyDpVA/ros2_ws/install/autonomo/lib/python3.12/site-packages/autonomo-0.0.0-py3.12.egg-info' (and everything under it)
[3.610s] Copying ../../build/autonomo/autonomo.egg-info to /home/frock/code/AyDpVA/ros2_ws/install/autonomo/lib/python3.12/site-packages/autonomo-0.0.0-py3.12.egg-info
[3.614s] running install_scripts
[3.971s] Installing publisher script to /home/frock/code/AyDpVA/ros2_ws/install/autonomo/lib/autonomo
[3.972s] writing list of installed files to '/home/frock/code/AyDpVA/ros2_ws/build/autonomo/install.log'
[4.028s] Invoked command in '/home/frock/code/AyDpVA/ros2_ws/src/autonomo' returned '0': PYTHONPATH=/home/frock/code/AyDpVA/ros2_ws/build/autonomo/prefix_override:/usr/lib/python3/dist-packages/colcon_core/task/python/colcon_distutils_commands:/home/frock/code/AyDpVA/ros2_ws/install/autonomo/lib/python3.12/site-packages:${PYTHONPATH} /usr/bin/python3 -W ignore:setup.py install is deprecated setup.py egg_info --egg-base ../../build/autonomo build --build-base /home/frock/code/AyDpVA/ros2_ws/build/autonomo/build install --record /home/frock/code/AyDpVA/ros2_ws/build/autonomo/install.log --single-version-externally-managed install_data
