running egg_info
creating ../../build/autonomo/autonomo.egg-info
writing ../../build/autonomo/autonomo.egg-info/PKG-INFO
writing dependency_links to ../../build/autonomo/autonomo.egg-info/dependency_links.txt
writing entry points to ../../build/autonomo/autonomo.egg-info/entry_points.txt
writing requirements to ../../build/autonomo/autonomo.egg-info/requires.txt
writing top-level names to ../../build/autonomo/autonomo.egg-info/top_level.txt
writing manifest file '../../build/autonomo/autonomo.egg-info/SOURCES.txt'
reading manifest file '../../build/autonomo/autonomo.egg-info/SOURCES.txt'
writing manifest file '../../build/autonomo/autonomo.egg-info/SOURCES.txt'
running build
running build_py
creating /home/emmanuel13/code/AyDpVA/ros2_ws/build/autonomo/build
creating /home/emmanuel13/code/AyDpVA/ros2_ws/build/autonomo/build/lib
creating /home/emmanuel13/code/AyDpVA/ros2_ws/build/autonomo/build/lib/autonomo
copying autonomo/__init__.py -> /home/emmanuel13/code/AyDpVA/ros2_ws/build/autonomo/build/lib/autonomo
running install
running install_lib
creating /home/emmanuel13/code/AyDpVA/ros2_ws/install/autonomo/lib/python3.12/site-packages/autonomo
copying /home/emmanuel13/code/AyDpVA/ros2_ws/build/autonomo/build/lib/autonomo/__init__.py -> /home/emmanuel13/code/AyDpVA/ros2_ws/install/autonomo/lib/python3.12/site-packages/autonomo
byte-compiling /home/emmanuel13/code/AyDpVA/ros2_ws/install/autonomo/lib/python3.12/site-packages/autonomo/__init__.py to __init__.cpython-312.pyc
running install_data
creating /home/emmanuel13/code/AyDpVA/ros2_ws/install/autonomo/share/ament_index
creating /home/emmanuel13/code/AyDpVA/ros2_ws/install/autonomo/share/ament_index/resource_index
creating /home/emmanuel13/code/AyDpVA/ros2_ws/install/autonomo/share/ament_index/resource_index/packages
copying resource/autonomo -> /home/emmanuel13/code/AyDpVA/ros2_ws/install/autonomo/share/ament_index/resource_index/packages
copying package.xml -> /home/emmanuel13/code/AyDpVA/ros2_ws/install/autonomo/share/autonomo
running install_egg_info
Copying ../../build/autonomo/autonomo.egg-info to /home/emmanuel13/code/AyDpVA/ros2_ws/install/autonomo/lib/python3.12/site-packages/autonomo-0.0.0-py3.12.egg-info
running install_scripts
Installing publisher script to /home/emmanuel13/code/AyDpVA/ros2_ws/install/autonomo/lib/autonomo
writing list of installed files to '/home/emmanuel13/code/AyDpVA/ros2_ws/build/autonomo/install.log'
