[1.818s] Invoking command in '/home/emmanuel13/code/AyDpVA/ros2_ws/src/autonomo': PYTHONPATH=/home/emmanuel13/code/AyDpVA/ros2_ws/build/autonomo/prefix_override:/usr/lib/python3/dist-packages/colcon_core/task/python/colcon_distutils_commands:/home/emmanuel13/code/AyDpVA/ros2_ws/install/autonomo/lib/python3.12/site-packages:${PYTHONPATH} /usr/bin/python3 -W ignore:setup.py install is deprecated setup.py egg_info --egg-base ../../build/autonomo build --build-base /home/emmanuel13/code/AyDpVA/ros2_ws/build/autonomo/build install --record /home/emmanuel13/code/AyDpVA/ros2_ws/build/autonomo/install.log --single-version-externally-managed install_data
[2.189s] running egg_info
[2.190s] creating ../../build/autonomo/autonomo.egg-info
[2.213s] writing ../../build/autonomo/autonomo.egg-info/PKG-INFO
[2.214s] writing dependency_links to ../../build/autonomo/autonomo.egg-info/dependency_links.txt
[2.214s] writing entry points to ../../build/autonomo/autonomo.egg-info/entry_points.txt
[2.215s] writing requirements to ../../build/autonomo/autonomo.egg-info/requires.txt
[2.215s] writing top-level names to ../../build/autonomo/autonomo.egg-info/top_level.txt
[2.215s] writing manifest file '../../build/autonomo/autonomo.egg-info/SOURCES.txt'
[2.285s] reading manifest file '../../build/autonomo/autonomo.egg-info/SOURCES.txt'
[2.286s] writing manifest file '../../build/autonomo/autonomo.egg-info/SOURCES.txt'
[2.287s] running build
[2.287s] running build_py
[2.288s] creating /home/emmanuel13/code/AyDpVA/ros2_ws/build/autonomo/build
[2.288s] creating /home/emmanuel13/code/AyDpVA/ros2_ws/build/autonomo/build/lib
[2.289s] creating /home/emmanuel13/code/AyDpVA/ros2_ws/build/autonomo/build/lib/autonomo
[2.289s] copying autonomo/__init__.py -> /home/emmanuel13/code/AyDpVA/ros2_ws/build/autonomo/build/lib/autonomo
[2.289s] running install
[2.294s] running install_lib
[2.318s] creating /home/emmanuel13/code/AyDpVA/ros2_ws/install/autonomo/lib/python3.12/site-packages/autonomo
[2.318s] copying /home/emmanuel13/code/AyDpVA/ros2_ws/build/autonomo/build/lib/autonomo/__init__.py -> /home/emmanuel13/code/AyDpVA/ros2_ws/install/autonomo/lib/python3.12/site-packages/autonomo
[2.319s] byte-compiling /home/emmanuel13/code/AyDpVA/ros2_ws/install/autonomo/lib/python3.12/site-packages/autonomo/__init__.py to __init__.cpython-312.pyc
[2.320s] running install_data
[2.320s] creating /home/emmanuel13/code/AyDpVA/ros2_ws/install/autonomo/share/ament_index
[2.321s] creating /home/emmanuel13/code/AyDpVA/ros2_ws/install/autonomo/share/ament_index/resource_index
[2.322s] creating /home/emmanuel13/code/AyDpVA/ros2_ws/install/autonomo/share/ament_index/resource_index/packages
[2.322s] copying resource/autonomo -> /home/emmanuel13/code/AyDpVA/ros2_ws/install/autonomo/share/ament_index/resource_index/packages
[2.322s] copying package.xml -> /home/emmanuel13/code/AyDpVA/ros2_ws/install/autonomo/share/autonomo
[2.323s] running install_egg_info
[2.345s] Copying ../../build/autonomo/autonomo.egg-info to /home/emmanuel13/code/AyDpVA/ros2_ws/install/autonomo/lib/python3.12/site-packages/autonomo-0.0.0-py3.12.egg-info
[2.346s] running install_scripts
[2.542s] Installing publisher script to /home/emmanuel13/code/AyDpVA/ros2_ws/install/autonomo/lib/autonomo
[2.542s] writing list of installed files to '/home/emmanuel13/code/AyDpVA/ros2_ws/build/autonomo/install.log'
[2.585s] Invoked command in '/home/emmanuel13/code/AyDpVA/ros2_ws/src/autonomo' returned '0': PYTHONPATH=/home/emmanuel13/code/AyDpVA/ros2_ws/build/autonomo/prefix_override:/usr/lib/python3/dist-packages/colcon_core/task/python/colcon_distutils_commands:/home/emmanuel13/code/AyDpVA/ros2_ws/install/autonomo/lib/python3.12/site-packages:${PYTHONPATH} /usr/bin/python3 -W ignore:setup.py install is deprecated setup.py egg_info --egg-base ../../build/autonomo build --build-base /home/emmanuel13/code/AyDpVA/ros2_ws/build/autonomo/build install --record /home/emmanuel13/code/AyDpVA/ros2_ws/build/autonomo/install.log --single-version-externally-managed install_data
