running egg_info
creating build/autonomo/autonomo.egg-info
writing build/autonomo/autonomo.egg-info/PKG-INFO
writing dependency_links to build/autonomo/autonomo.egg-info/dependency_links.txt
writing entry points to build/autonomo/autonomo.egg-info/entry_points.txt
writing requirements to build/autonomo/autonomo.egg-info/requires.txt
writing top-level names to build/autonomo/autonomo.egg-info/top_level.txt
writing manifest file 'build/autonomo/autonomo.egg-info/SOURCES.txt'
reading manifest file 'build/autonomo/autonomo.egg-info/SOURCES.txt'
writing manifest file 'build/autonomo/autonomo.egg-info/SOURCES.txt'
running build
running build_py
creating /home/emmanuel13/code/AyDpVA/ros2_ws/src/autonomo/build/autonomo/build
creating /home/emmanuel13/code/AyDpVA/ros2_ws/src/autonomo/build/autonomo/build/lib
creating /home/emmanuel13/code/AyDpVA/ros2_ws/src/autonomo/build/autonomo/build/lib/autonomo
copying autonomo/susbcriberalarm.py -> /home/emmanuel13/code/AyDpVA/ros2_ws/src/autonomo/build/autonomo/build/lib/autonomo
copying autonomo/publisheralarm.py -> /home/emmanuel13/code/AyDpVA/ros2_ws/src/autonomo/build/autonomo/build/lib/autonomo
copying autonomo/publisherveh.py -> /home/emmanuel13/code/AyDpVA/ros2_ws/src/autonomo/build/autonomo/build/lib/autonomo
copying autonomo/subscriberveh.py -> /home/emmanuel13/code/AyDpVA/ros2_ws/src/autonomo/build/autonomo/build/lib/autonomo
copying autonomo/subscriber.py -> /home/emmanuel13/code/AyDpVA/ros2_ws/src/autonomo/build/autonomo/build/lib/autonomo
copying autonomo/led.py -> /home/emmanuel13/code/AyDpVA/ros2_ws/src/autonomo/build/autonomo/build/lib/autonomo
copying autonomo/publisher.py -> /home/emmanuel13/code/AyDpVA/ros2_ws/src/autonomo/build/autonomo/build/lib/autonomo
copying autonomo/__init__.py -> /home/emmanuel13/code/AyDpVA/ros2_ws/src/autonomo/build/autonomo/build/lib/autonomo
running install
running install_lib
creating /home/emmanuel13/code/AyDpVA/ros2_ws/src/autonomo/install/autonomo/lib/python3.12/site-packages/autonomo
copying /home/emmanuel13/code/AyDpVA/ros2_ws/src/autonomo/build/autonomo/build/lib/autonomo/susbcriberalarm.py -> /home/emmanuel13/code/AyDpVA/ros2_ws/src/autonomo/install/autonomo/lib/python3.12/site-packages/autonomo
copying /home/emmanuel13/code/AyDpVA/ros2_ws/src/autonomo/build/autonomo/build/lib/autonomo/publisheralarm.py -> /home/emmanuel13/code/AyDpVA/ros2_ws/src/autonomo/install/autonomo/lib/python3.12/site-packages/autonomo
copying /home/emmanuel13/code/AyDpVA/ros2_ws/src/autonomo/build/autonomo/build/lib/autonomo/publisherveh.py -> /home/emmanuel13/code/AyDpVA/ros2_ws/src/autonomo/install/autonomo/lib/python3.12/site-packages/autonomo
copying /home/emmanuel13/code/AyDpVA/ros2_ws/src/autonomo/build/autonomo/build/lib/autonomo/subscriberveh.py -> /home/emmanuel13/code/AyDpVA/ros2_ws/src/autonomo/install/autonomo/lib/python3.12/site-packages/autonomo
copying /home/emmanuel13/code/AyDpVA/ros2_ws/src/autonomo/build/autonomo/build/lib/autonomo/subscriber.py -> /home/emmanuel13/code/AyDpVA/ros2_ws/src/autonomo/install/autonomo/lib/python3.12/site-packages/autonomo
copying /home/emmanuel13/code/AyDpVA/ros2_ws/src/autonomo/build/autonomo/build/lib/autonomo/led.py -> /home/emmanuel13/code/AyDpVA/ros2_ws/src/autonomo/install/autonomo/lib/python3.12/site-packages/autonomo
copying /home/emmanuel13/code/AyDpVA/ros2_ws/src/autonomo/build/autonomo/build/lib/autonomo/publisher.py -> /home/emmanuel13/code/AyDpVA/ros2_ws/src/autonomo/install/autonomo/lib/python3.12/site-packages/autonomo
copying /home/emmanuel13/code/AyDpVA/ros2_ws/src/autonomo/build/autonomo/build/lib/autonomo/__init__.py -> /home/emmanuel13/code/AyDpVA/ros2_ws/src/autonomo/install/autonomo/lib/python3.12/site-packages/autonomo
byte-compiling /home/emmanuel13/code/AyDpVA/ros2_ws/src/autonomo/install/autonomo/lib/python3.12/site-packages/autonomo/susbcriberalarm.py to susbcriberalarm.cpython-312.pyc
byte-compiling /home/emmanuel13/code/AyDpVA/ros2_ws/src/autonomo/install/autonomo/lib/python3.12/site-packages/autonomo/publisheralarm.py to publisheralarm.cpython-312.pyc
byte-compiling /home/emmanuel13/code/AyDpVA/ros2_ws/src/autonomo/install/autonomo/lib/python3.12/site-packages/autonomo/publisherveh.py to publisherveh.cpython-312.pyc
byte-compiling /home/emmanuel13/code/AyDpVA/ros2_ws/src/autonomo/install/autonomo/lib/python3.12/site-packages/autonomo/subscriberveh.py to subscriberveh.cpython-312.pyc
byte-compiling /home/emmanuel13/code/AyDpVA/ros2_ws/src/autonomo/install/autonomo/lib/python3.12/site-packages/autonomo/subscriber.py to subscriber.cpython-312.pyc
byte-compiling /home/emmanuel13/code/AyDpVA/ros2_ws/src/autonomo/install/autonomo/lib/python3.12/site-packages/autonomo/led.py to led.cpython-312.pyc
byte-compiling /home/emmanuel13/code/AyDpVA/ros2_ws/src/autonomo/install/autonomo/lib/python3.12/site-packages/autonomo/publisher.py to publisher.cpython-312.pyc
byte-compiling /home/emmanuel13/code/AyDpVA/ros2_ws/src/autonomo/install/autonomo/lib/python3.12/site-packages/autonomo/__init__.py to __init__.cpython-312.pyc
running install_data
creating /home/emmanuel13/code/AyDpVA/ros2_ws/src/autonomo/install/autonomo/share/ament_index
creating /home/emmanuel13/code/AyDpVA/ros2_ws/src/autonomo/install/autonomo/share/ament_index/resource_index
creating /home/emmanuel13/code/AyDpVA/ros2_ws/src/autonomo/install/autonomo/share/ament_index/resource_index/packages
copying resource/autonomo -> /home/emmanuel13/code/AyDpVA/ros2_ws/src/autonomo/install/autonomo/share/ament_index/resource_index/packages
copying package.xml -> /home/emmanuel13/code/AyDpVA/ros2_ws/src/autonomo/install/autonomo/share/autonomo
running install_egg_info
Copying build/autonomo/autonomo.egg-info to /home/emmanuel13/code/AyDpVA/ros2_ws/src/autonomo/install/autonomo/lib/python3.12/site-packages/autonomo-0.0.0-py3.12.egg-info
running install_scripts
Installing publisher script to /home/emmanuel13/code/AyDpVA/ros2_ws/src/autonomo/install/autonomo/lib/autonomo
Installing publisheralarm script to /home/emmanuel13/code/AyDpVA/ros2_ws/src/autonomo/install/autonomo/lib/autonomo
Installing publisherveh script to /home/emmanuel13/code/AyDpVA/ros2_ws/src/autonomo/install/autonomo/lib/autonomo
Installing subscriber script to /home/emmanuel13/code/AyDpVA/ros2_ws/src/autonomo/install/autonomo/lib/autonomo
Installing subscriberveh script to /home/emmanuel13/code/AyDpVA/ros2_ws/src/autonomo/install/autonomo/lib/autonomo
Installing susbcriberalarm script to /home/emmanuel13/code/AyDpVA/ros2_ws/src/autonomo/install/autonomo/lib/autonomo
writing list of installed files to '/home/emmanuel13/code/AyDpVA/ros2_ws/src/autonomo/build/autonomo/install.log'
