[2.004s] Invoking command in '/home/frock/code/AyDpVA/ros2_ws/src/autonomo': PYTHONPATH=/home/frock/code/AyDpVA/ros2_ws/build/autonomo/prefix_override:/usr/lib/python3/dist-packages/colcon_core/task/python/colcon_distutils_commands:/home/frock/code/AyDpVA/ros2_ws/install/autonomo/lib/python3.12/site-packages:${PYTHONPATH} /usr/bin/python3 -W ignore:setup.py install is deprecated setup.py egg_info --egg-base ../../build/autonomo build --build-base /home/frock/code/AyDpVA/ros2_ws/build/autonomo/build install --record /home/frock/code/AyDpVA/ros2_ws/build/autonomo/install.log --single-version-externally-managed install_data
[2.685s] running egg_info
[2.739s] writing ../../build/autonomo/autonomo.egg-info/PKG-INFO
[2.740s] writing dependency_links to ../../build/autonomo/autonomo.egg-info/dependency_links.txt
[2.741s] writing entry points to ../../build/autonomo/autonomo.egg-info/entry_points.txt
[2.741s] writing requirements to ../../build/autonomo/autonomo.egg-info/requires.txt
[2.742s] writing top-level names to ../../build/autonomo/autonomo.egg-info/top_level.txt
[2.852s] reading manifest file '../../build/autonomo/autonomo.egg-info/SOURCES.txt'
[2.853s] writing manifest file '../../build/autonomo/autonomo.egg-info/SOURCES.txt'
[2.854s] running build
[2.855s] running build_py
[2.855s] copying autonomo/publisher.py -> /home/frock/code/AyDpVA/ros2_ws/build/autonomo/build/lib/autonomo
[2.855s] running install
[2.869s] running install_lib
[2.924s] copying /home/frock/code/AyDpVA/ros2_ws/build/autonomo/build/lib/autonomo/publisher.py -> /home/frock/code/AyDpVA/ros2_ws/install/autonomo/lib/python3.12/site-packages/autonomo
[2.925s] byte-compiling /home/frock/code/AyDpVA/ros2_ws/install/autonomo/lib/python3.12/site-packages/autonomo/publisher.py to publisher.cpython-312.pyc
[2.927s]   File "/home/frock/code/AyDpVA/ros2_ws/install/autonomo/lib/python3.12/site-packages/autonomo/publisher.py", line 39
[2.927s]     if__name__=='__main__': # type: ignore
[2.928s]                           ^
[2.928s] SyntaxError: invalid syntax
[2.928s] 
[2.928s] running install_data
[2.929s] running install_egg_info
[2.985s] removing '/home/frock/code/AyDpVA/ros2_ws/install/autonomo/lib/python3.12/site-packages/autonomo-0.0.0-py3.12.egg-info' (and everything under it)
[2.986s] Copying ../../build/autonomo/autonomo.egg-info to /home/frock/code/AyDpVA/ros2_ws/install/autonomo/lib/python3.12/site-packages/autonomo-0.0.0-py3.12.egg-info
[2.989s] running install_scripts
[3.344s] Installing publisher script to /home/frock/code/AyDpVA/ros2_ws/install/autonomo/lib/autonomo
[3.345s] writing list of installed files to '/home/frock/code/AyDpVA/ros2_ws/build/autonomo/install.log'
[3.399s] Invoked command in '/home/frock/code/AyDpVA/ros2_ws/src/autonomo' returned '0': PYTHONPATH=/home/frock/code/AyDpVA/ros2_ws/build/autonomo/prefix_override:/usr/lib/python3/dist-packages/colcon_core/task/python/colcon_distutils_commands:/home/frock/code/AyDpVA/ros2_ws/install/autonomo/lib/python3.12/site-packages:${PYTHONPATH} /usr/bin/python3 -W ignore:setup.py install is deprecated setup.py egg_info --egg-base ../../build/autonomo build --build-base /home/frock/code/AyDpVA/ros2_ws/build/autonomo/build install --record /home/frock/code/AyDpVA/ros2_ws/build/autonomo/install.log --single-version-externally-managed install_data
