[1.066s] Invoking command in '/home/emmanuel13/code/AyDpVA/ros2_ws/src/autonomo': PYTHONPATH=/home/emmanuel13/code/AyDpVA/ros2_ws/src/build/autonomo/prefix_override:/usr/lib/python3/dist-packages/colcon_core/task/python/colcon_distutils_commands:/home/emmanuel13/code/AyDpVA/ros2_ws/src/install/autonomo/lib/python3.12/site-packages:${PYTHONPATH} /usr/bin/python3 -W ignore:setup.py install is deprecated setup.py egg_info --egg-base ../build/autonomo build --build-base /home/emmanuel13/code/AyDpVA/ros2_ws/src/build/autonomo/build install --record /home/emmanuel13/code/AyDpVA/ros2_ws/src/build/autonomo/install.log --single-version-externally-managed install_data
[1.405s] running egg_info
[1.433s] writing ../build/autonomo/autonomo.egg-info/PKG-INFO
[1.433s] writing dependency_links to ../build/autonomo/autonomo.egg-info/dependency_links.txt
[1.434s] writing entry points to ../build/autonomo/autonomo.egg-info/entry_points.txt
[1.434s] writing requirements to ../build/autonomo/autonomo.egg-info/requires.txt
[1.434s] writing top-level names to ../build/autonomo/autonomo.egg-info/top_level.txt
[1.486s] reading manifest file '../build/autonomo/autonomo.egg-info/SOURCES.txt'
[1.487s] writing manifest file '../build/autonomo/autonomo.egg-info/SOURCES.txt'
[1.487s] running build
[1.487s] running build_py
[1.488s] copying autonomo/publisherveh.py -> /home/emmanuel13/code/AyDpVA/ros2_ws/src/build/autonomo/build/lib/autonomo
[1.488s] running install
[1.496s] running install_lib
[1.522s] copying /home/emmanuel13/code/AyDpVA/ros2_ws/src/build/autonomo/build/lib/autonomo/publisherveh.py -> /home/emmanuel13/code/AyDpVA/ros2_ws/src/install/autonomo/lib/python3.12/site-packages/autonomo
[1.523s] byte-compiling /home/emmanuel13/code/AyDpVA/ros2_ws/src/install/autonomo/lib/python3.12/site-packages/autonomo/publisherveh.py to publisherveh.cpython-312.pyc
[1.524s] running install_data
[1.525s] running install_egg_info
[1.552s] removing '/home/emmanuel13/code/AyDpVA/ros2_ws/src/install/autonomo/lib/python3.12/site-packages/autonomo-0.0.0-py3.12.egg-info' (and everything under it)
[1.553s] Copying ../build/autonomo/autonomo.egg-info to /home/emmanuel13/code/AyDpVA/ros2_ws/src/install/autonomo/lib/python3.12/site-packages/autonomo-0.0.0-py3.12.egg-info
[1.554s] running install_scripts
[1.713s] Installing publisher script to /home/emmanuel13/code/AyDpVA/ros2_ws/src/install/autonomo/lib/autonomo
[1.714s] Installing publisheralarm script to /home/emmanuel13/code/AyDpVA/ros2_ws/src/install/autonomo/lib/autonomo
[1.714s] Installing publisherveh script to /home/emmanuel13/code/AyDpVA/ros2_ws/src/install/autonomo/lib/autonomo
[1.714s] Installing subscriber script to /home/emmanuel13/code/AyDpVA/ros2_ws/src/install/autonomo/lib/autonomo
[1.714s] Installing subscriberveh script to /home/emmanuel13/code/AyDpVA/ros2_ws/src/install/autonomo/lib/autonomo
[1.715s] Installing susbcriberalarm script to /home/emmanuel13/code/AyDpVA/ros2_ws/src/install/autonomo/lib/autonomo
[1.715s] writing list of installed files to '/home/emmanuel13/code/AyDpVA/ros2_ws/src/build/autonomo/install.log'
[1.764s] Invoked command in '/home/emmanuel13/code/AyDpVA/ros2_ws/src/autonomo' returned '0': PYTHONPATH=/home/emmanuel13/code/AyDpVA/ros2_ws/src/build/autonomo/prefix_override:/usr/lib/python3/dist-packages/colcon_core/task/python/colcon_distutils_commands:/home/emmanuel13/code/AyDpVA/ros2_ws/src/install/autonomo/lib/python3.12/site-packages:${PYTHONPATH} /usr/bin/python3 -W ignore:setup.py install is deprecated setup.py egg_info --egg-base ../build/autonomo build --build-base /home/emmanuel13/code/AyDpVA/ros2_ws/src/build/autonomo/build install --record /home/emmanuel13/code/AyDpVA/ros2_ws/src/build/autonomo/install.log --single-version-externally-managed install_data
