[2.788s] Invoking command in '/home/emmanuel13/code/AyDpVA/ros2_ws/src/autonomo': PYTHONPATH=/home/emmanuel13/code/AyDpVA/ros2_ws/build/autonomo/prefix_override:/usr/lib/python3/dist-packages/colcon_core/task/python/colcon_distutils_commands:/home/emmanuel13/code/AyDpVA/ros2_ws/install/autonomo/lib/python3.12/site-packages:${PYTHONPATH} /usr/bin/python3 -W ignore:setup.py install is deprecated setup.py egg_info --egg-base ../../build/autonomo build --build-base /home/emmanuel13/code/AyDpVA/ros2_ws/build/autonomo/build install --record /home/emmanuel13/code/AyDpVA/ros2_ws/build/autonomo/install.log --single-version-externally-managed install_data
[3.653s] running egg_info
[3.734s] writing ../../build/autonomo/autonomo.egg-info/PKG-INFO
[3.736s] writing dependency_links to ../../build/autonomo/autonomo.egg-info/dependency_links.txt
[3.737s] writing entry points to ../../build/autonomo/autonomo.egg-info/entry_points.txt
[3.738s] writing requirements to ../../build/autonomo/autonomo.egg-info/requires.txt
[3.739s] writing top-level names to ../../build/autonomo/autonomo.egg-info/top_level.txt
[3.918s] reading manifest file '../../build/autonomo/autonomo.egg-info/SOURCES.txt'
[3.922s] writing manifest file '../../build/autonomo/autonomo.egg-info/SOURCES.txt'
[3.923s] running build
[3.923s] running build_py
[3.925s] copying autonomo/publisherveh.py -> /home/emmanuel13/code/AyDpVA/ros2_ws/build/autonomo/build/lib/autonomo
[3.930s] copying autonomo/subscriberveh.py -> /home/emmanuel13/code/AyDpVA/ros2_ws/build/autonomo/build/lib/autonomo
[3.935s] running install
[3.957s] running install_lib
[4.050s] copying /home/emmanuel13/code/AyDpVA/ros2_ws/build/autonomo/build/lib/autonomo/publisherveh.py -> /home/emmanuel13/code/AyDpVA/ros2_ws/install/autonomo/lib/python3.12/site-packages/autonomo
[4.054s] copying /home/emmanuel13/code/AyDpVA/ros2_ws/build/autonomo/build/lib/autonomo/subscriberveh.py -> /home/emmanuel13/code/AyDpVA/ros2_ws/install/autonomo/lib/python3.12/site-packages/autonomo
[4.056s] byte-compiling /home/emmanuel13/code/AyDpVA/ros2_ws/install/autonomo/lib/python3.12/site-packages/autonomo/publisherveh.py to publisherveh.cpython-312.pyc
[4.062s] byte-compiling /home/emmanuel13/code/AyDpVA/ros2_ws/install/autonomo/lib/python3.12/site-packages/autonomo/subscriberveh.py to subscriberveh.cpython-312.pyc
[4.066s] running install_data
[4.066s] running install_egg_info
[4.161s] removing '/home/emmanuel13/code/AyDpVA/ros2_ws/install/autonomo/lib/python3.12/site-packages/autonomo-0.0.0-py3.12.egg-info' (and everything under it)
[4.164s] Copying ../../build/autonomo/autonomo.egg-info to /home/emmanuel13/code/AyDpVA/ros2_ws/install/autonomo/lib/python3.12/site-packages/autonomo-0.0.0-py3.12.egg-info
[4.171s] running install_scripts
[4.735s] Installing publisher script to /home/emmanuel13/code/AyDpVA/ros2_ws/install/autonomo/lib/autonomo
[4.738s] Installing publisherveh script to /home/emmanuel13/code/AyDpVA/ros2_ws/install/autonomo/lib/autonomo
[4.741s] Installing subscriber script to /home/emmanuel13/code/AyDpVA/ros2_ws/install/autonomo/lib/autonomo
[4.742s] Installing subscriberveh script to /home/emmanuel13/code/AyDpVA/ros2_ws/install/autonomo/lib/autonomo
[4.745s] writing list of installed files to '/home/emmanuel13/code/AyDpVA/ros2_ws/build/autonomo/install.log'
[4.838s] Invoked command in '/home/emmanuel13/code/AyDpVA/ros2_ws/src/autonomo' returned '0': PYTHONPATH=/home/emmanuel13/code/AyDpVA/ros2_ws/build/autonomo/prefix_override:/usr/lib/python3/dist-packages/colcon_core/task/python/colcon_distutils_commands:/home/emmanuel13/code/AyDpVA/ros2_ws/install/autonomo/lib/python3.12/site-packages:${PYTHONPATH} /usr/bin/python3 -W ignore:setup.py install is deprecated setup.py egg_info --egg-base ../../build/autonomo build --build-base /home/emmanuel13/code/AyDpVA/ros2_ws/build/autonomo/build install --record /home/emmanuel13/code/AyDpVA/ros2_ws/build/autonomo/install.log --single-version-externally-managed install_data
