[0.056s] Invoking command in '/home/ezechiel/code/AyDpVA/ros2_ws/build/alarma': CMAKE_PREFIX_PATH=${CMAKE_PREFIX_PATH}:/home/ezechiel/code/AyDpVA/ros2_ws/install/autonomo:/opt/ros/rolling /usr/bin/cmake --build /home/ezechiel/code/AyDpVA/ros2_ws/build/alarma -- -j4 -l4
[0.536s] Invoked command in '/home/ezechiel/code/AyDpVA/ros2_ws/build/alarma' returned '0': CMAKE_PREFIX_PATH=${CMAKE_PREFIX_PATH}:/home/ezechiel/code/AyDpVA/ros2_ws/install/autonomo:/opt/ros/rolling /usr/bin/cmake --build /home/ezechiel/code/AyDpVA/ros2_ws/build/alarma -- -j4 -l4
[0.587s] Invoking command in '/home/ezechiel/code/AyDpVA/ros2_ws/build/alarma': CMAKE_PREFIX_PATH=${CMAKE_PREFIX_PATH}:/home/ezechiel/code/AyDpVA/ros2_ws/install/autonomo:/opt/ros/rolling /usr/bin/cmake --install /home/ezechiel/code/AyDpVA/ros2_ws/build/alarma
[0.611s] -- Install configuration: ""
[0.613s] -- Up-to-date: /home/ezechiel/code/AyDpVA/ros2_ws/install/alarma/share/ament_index/resource_index/package_run_dependencies/alarma
[0.614s] -- Up-to-date: /home/ezechiel/code/AyDpVA/ros2_ws/install/alarma/share/ament_index/resource_index/parent_prefix_path/alarma
[0.614s] -- Up-to-date: /home/ezechiel/code/AyDpVA/ros2_ws/install/alarma/share/alarma/environment/ament_prefix_path.sh
[0.615s] -- Up-to-date: /home/ezechiel/code/AyDpVA/ros2_ws/install/alarma/share/alarma/environment/ament_prefix_path.dsv
[0.615s] -- Up-to-date: /home/ezechiel/code/AyDpVA/ros2_ws/install/alarma/share/alarma/environment/path.sh
[0.616s] -- Up-to-date: /home/ezechiel/code/AyDpVA/ros2_ws/install/alarma/share/alarma/environment/path.dsv
[0.617s] -- Up-to-date: /home/ezechiel/code/AyDpVA/ros2_ws/install/alarma/share/alarma/local_setup.bash
[0.617s] -- Up-to-date: /home/ezechiel/code/AyDpVA/ros2_ws/install/alarma/share/alarma/local_setup.sh
[0.618s] -- Up-to-date: /home/ezechiel/code/AyDpVA/ros2_ws/install/alarma/share/alarma/local_setup.zsh
[0.618s] -- Up-to-date: /home/ezechiel/code/AyDpVA/ros2_ws/install/alarma/share/alarma/local_setup.dsv
[0.620s] -- Up-to-date: /home/ezechiel/code/AyDpVA/ros2_ws/install/alarma/share/alarma/package.dsv
[0.620s] -- Up-to-date: /home/ezechiel/code/AyDpVA/ros2_ws/install/alarma/share/ament_index/resource_index/packages/alarma
[0.621s] -- Up-to-date: /home/ezechiel/code/AyDpVA/ros2_ws/install/alarma/share/alarma/cmake/alarmaConfig.cmake
[0.621s] -- Up-to-date: /home/ezechiel/code/AyDpVA/ros2_ws/install/alarma/share/alarma/cmake/alarmaConfig-version.cmake
[0.622s] -- Up-to-date: /home/ezechiel/code/AyDpVA/ros2_ws/install/alarma/share/alarma/package.xml
[0.624s] Invoked command in '/home/ezechiel/code/AyDpVA/ros2_ws/build/alarma' returned '0': CMAKE_PREFIX_PATH=${CMAKE_PREFIX_PATH}:/home/ezechiel/code/AyDpVA/ros2_ws/install/autonomo:/opt/ros/rolling /usr/bin/cmake --install /home/ezechiel/code/AyDpVA/ros2_ws/build/alarma
