[2.173s] Invoking command in '/home/emmanuel13/code/AyDpVA/ros2_ws/src/autonomo': PYTHONPATH=/home/emmanuel13/code/AyDpVA/ros2_ws/build/autonomo/prefix_override:/usr/lib/python3/dist-packages/colcon_core/task/python/colcon_distutils_commands:/home/emmanuel13/code/AyDpVA/ros2_ws/install/autonomo/lib/python3.12/site-packages:${PYTHONPATH} /usr/bin/python3 -W ignore:setup.py install is deprecated setup.py egg_info --egg-base ../../build/autonomo build --build-base /home/emmanuel13/code/AyDpVA/ros2_ws/build/autonomo/build install --record /home/emmanuel13/code/AyDpVA/ros2_ws/build/autonomo/install.log --single-version-externally-managed install_data
[2.734s] running egg_info
[2.806s] writing ../../build/autonomo/autonomo.egg-info/PKG-INFO
[2.807s] writing dependency_links to ../../build/autonomo/autonomo.egg-info/dependency_links.txt
[2.809s] writing entry points to ../../build/autonomo/autonomo.egg-info/entry_points.txt
[2.810s] writing requirements to ../../build/autonomo/autonomo.egg-info/requires.txt
[2.811s] writing top-level names to ../../build/autonomo/autonomo.egg-info/top_level.txt
[2.914s] reading manifest file '../../build/autonomo/autonomo.egg-info/SOURCES.txt'
[2.916s] writing manifest file '../../build/autonomo/autonomo.egg-info/SOURCES.txt'
[2.917s] running build
[2.918s] running build_py
[2.918s] copying autonomo/subscriberveh.py -> /home/emmanuel13/code/AyDpVA/ros2_ws/build/autonomo/build/lib/autonomo
[2.919s] running install
[2.930s] running install_lib
[3.005s] copying /home/emmanuel13/code/AyDpVA/ros2_ws/build/autonomo/build/lib/autonomo/subscriberveh.py -> /home/emmanuel13/code/AyDpVA/ros2_ws/install/autonomo/lib/python3.12/site-packages/autonomo
[3.007s] byte-compiling /home/emmanuel13/code/AyDpVA/ros2_ws/install/autonomo/lib/python3.12/site-packages/autonomo/subscriberveh.py to subscriberveh.cpython-312.pyc
[3.010s] running install_data
[3.010s] running install_egg_info
[3.055s] removing '/home/emmanuel13/code/AyDpVA/ros2_ws/install/autonomo/lib/python3.12/site-packages/autonomo-0.0.0-py3.12.egg-info' (and everything under it)
[3.055s] Copying ../../build/autonomo/autonomo.egg-info to /home/emmanuel13/code/AyDpVA/ros2_ws/install/autonomo/lib/python3.12/site-packages/autonomo-0.0.0-py3.12.egg-info
[3.058s] running install_scripts
[3.362s] Installing publisher script to /home/emmanuel13/code/AyDpVA/ros2_ws/install/autonomo/lib/autonomo
[3.363s] Installing publisherveh script to /home/emmanuel13/code/AyDpVA/ros2_ws/install/autonomo/lib/autonomo
[3.364s] Installing subscriber script to /home/emmanuel13/code/AyDpVA/ros2_ws/install/autonomo/lib/autonomo
[3.364s] Installing subscriberveh script to /home/emmanuel13/code/AyDpVA/ros2_ws/install/autonomo/lib/autonomo
[3.365s] writing list of installed files to '/home/emmanuel13/code/AyDpVA/ros2_ws/build/autonomo/install.log'
[3.469s] Invoked command in '/home/emmanuel13/code/AyDpVA/ros2_ws/src/autonomo' returned '0': PYTHONPATH=/home/emmanuel13/code/AyDpVA/ros2_ws/build/autonomo/prefix_override:/usr/lib/python3/dist-packages/colcon_core/task/python/colcon_distutils_commands:/home/emmanuel13/code/AyDpVA/ros2_ws/install/autonomo/lib/python3.12/site-packages:${PYTHONPATH} /usr/bin/python3 -W ignore:setup.py install is deprecated setup.py egg_info --egg-base ../../build/autonomo build --build-base /home/emmanuel13/code/AyDpVA/ros2_ws/build/autonomo/build install --record /home/emmanuel13/code/AyDpVA/ros2_ws/build/autonomo/install.log --single-version-externally-managed install_data
