[0.913s] DEBUG:colcon:Command line arguments: ['/usr/bin/colcon', 'build']
[0.913s] DEBUG:colcon:Parsed command line arguments: Namespace(log_base=None, log_level=None, verb_name='build', build_base='build', install_base='install', merge_install=False, symlink_install=False, test_result_base=None, continue_on_error=False, executor='parallel', parallel_workers=4, event_handlers=None, ignore_user_meta=False, metas=['./colcon.meta'], base_paths=['.'], packages_ignore=None, packages_ignore_regex=None, paths=None, packages_up_to=None, packages_up_to_regex=None, packages_above=None, packages_above_and_dependencies=None, packages_above_depth=None, packages_select_by_dep=None, packages_skip_by_dep=None, packages_skip_up_to=None, packages_select_build_failed=False, packages_skip_build_finished=False, packages_select_test_failures=False, packages_skip_test_passed=False, packages_select=None, packages_skip=None, packages_select_regex=None, packages_skip_regex=None, packages_start=None, packages_end=None, allow_overriding=[], cmake_args=None, cmake_target=None, cmake_target_skip_unavailable=False, cmake_clean_cache=False, cmake_clean_first=False, cmake_force_configure=False, ament_cmake_args=None, catkin_cmake_args=None, catkin_skip_building_tests=False, mixin_files=None, mixin=None, verb_parser=<colcon_mixin.mixin.mixin_argument.MixinArgumentDecorator object at 0x7fead5dc6840>, verb_extension=<colcon_core.verb.build.BuildVerb object at 0x7fead5fed430>, main=<bound method BuildVerb.main of <colcon_core.verb.build.BuildVerb object at 0x7fead5fed430>>, mixin_verb=('build',))
[1.205s] Level 1:colcon.colcon_core.package_discovery:discover_packages(colcon_meta) check parameters
[1.205s] Level 1:colcon.colcon_core.package_discovery:discover_packages(recursive) check parameters
[1.205s] Level 1:colcon.colcon_core.package_discovery:discover_packages(ignore) check parameters
[1.205s] Level 1:colcon.colcon_core.package_discovery:discover_packages(path) check parameters
[1.205s] Level 1:colcon.colcon_core.package_discovery:discover_packages(colcon_meta) discover
[1.206s] Level 1:colcon.colcon_core.package_discovery:discover_packages(recursive) discover
[1.206s] INFO:colcon.colcon_core.package_discovery:Crawling recursively for packages in '/home/ezechiel/code/AyDpVA/ros2_ws'
[1.207s] Level 1:colcon.colcon_core.package_identification:_identify(.) by extensions ['ignore', 'ignore_ament_install']
[1.208s] Level 1:colcon.colcon_core.package_identification:_identify(.) by extension 'ignore'
[1.208s] Level 1:colcon.colcon_core.package_identification:_identify(.) by extension 'ignore_ament_install'
[1.209s] Level 1:colcon.colcon_core.package_identification:_identify(.) by extensions ['colcon_pkg']
[1.209s] Level 1:colcon.colcon_core.package_identification:_identify(.) by extension 'colcon_pkg'
[1.209s] Level 1:colcon.colcon_core.package_identification:_identify(.) by extensions ['colcon_meta']
[1.209s] Level 1:colcon.colcon_core.package_identification:_identify(.) by extension 'colcon_meta'
[1.209s] Level 1:colcon.colcon_core.package_identification:_identify(.) by extensions ['ros']
[1.209s] Level 1:colcon.colcon_core.package_identification:_identify(.) by extension 'ros'
[1.560s] Level 1:colcon.colcon_core.package_identification:_identify(.) by extensions ['cmake', 'python']
[1.560s] Level 1:colcon.colcon_core.package_identification:_identify(.) by extension 'cmake'
[1.560s] Level 1:colcon.colcon_core.package_identification:_identify(.) by extension 'python'
[1.560s] Level 1:colcon.colcon_core.package_identification:_identify(.) by extensions ['python_setup_py']
[1.560s] Level 1:colcon.colcon_core.package_identification:_identify(.) by extension 'python_setup_py'
[1.562s] Level 1:colcon.colcon_core.package_identification:_identify(build) by extensions ['ignore', 'ignore_ament_install']
[1.562s] Level 1:colcon.colcon_core.package_identification:_identify(build) by extension 'ignore'
[1.562s] Level 1:colcon.colcon_core.package_identification:_identify(build) ignored
[1.562s] Level 1:colcon.colcon_core.package_identification:_identify(install) by extensions ['ignore', 'ignore_ament_install']
[1.563s] Level 1:colcon.colcon_core.package_identification:_identify(install) by extension 'ignore'
[1.563s] Level 1:colcon.colcon_core.package_identification:_identify(install) ignored
[1.563s] Level 1:colcon.colcon_core.package_identification:_identify(log) by extensions ['ignore', 'ignore_ament_install']
[1.564s] Level 1:colcon.colcon_core.package_identification:_identify(log) by extension 'ignore'
[1.564s] Level 1:colcon.colcon_core.package_identification:_identify(log) ignored
[1.564s] Level 1:colcon.colcon_core.package_identification:_identify(src) by extensions ['ignore', 'ignore_ament_install']
[1.564s] Level 1:colcon.colcon_core.package_identification:_identify(src) by extension 'ignore'
[1.565s] Level 1:colcon.colcon_core.package_identification:_identify(src) by extension 'ignore_ament_install'
[1.565s] Level 1:colcon.colcon_core.package_identification:_identify(src) by extensions ['colcon_pkg']
[1.565s] Level 1:colcon.colcon_core.package_identification:_identify(src) by extension 'colcon_pkg'
[1.565s] Level 1:colcon.colcon_core.package_identification:_identify(src) by extensions ['colcon_meta']
[1.565s] Level 1:colcon.colcon_core.package_identification:_identify(src) by extension 'colcon_meta'
[1.566s] Level 1:colcon.colcon_core.package_identification:_identify(src) by extensions ['ros']
[1.566s] Level 1:colcon.colcon_core.package_identification:_identify(src) by extension 'ros'
[1.566s] Level 1:colcon.colcon_core.package_identification:_identify(src) by extensions ['cmake', 'python']
[1.566s] Level 1:colcon.colcon_core.package_identification:_identify(src) by extension 'cmake'
[1.566s] Level 1:colcon.colcon_core.package_identification:_identify(src) by extension 'python'
[1.566s] Level 1:colcon.colcon_core.package_identification:_identify(src) by extensions ['python_setup_py']
[1.567s] Level 1:colcon.colcon_core.package_identification:_identify(src) by extension 'python_setup_py'
[1.569s] Level 1:colcon.colcon_core.package_identification:_identify(src/autonomo) by extensions ['ignore', 'ignore_ament_install']
[1.569s] Level 1:colcon.colcon_core.package_identification:_identify(src/autonomo) by extension 'ignore'
[1.569s] Level 1:colcon.colcon_core.package_identification:_identify(src/autonomo) by extension 'ignore_ament_install'
[1.569s] Level 1:colcon.colcon_core.package_identification:_identify(src/autonomo) by extensions ['colcon_pkg']
[1.569s] Level 1:colcon.colcon_core.package_identification:_identify(src/autonomo) by extension 'colcon_pkg'
[1.570s] Level 1:colcon.colcon_core.package_identification:_identify(src/autonomo) by extensions ['colcon_meta']
[1.570s] Level 1:colcon.colcon_core.package_identification:_identify(src/autonomo) by extension 'colcon_meta'
[1.570s] Level 1:colcon.colcon_core.package_identification:_identify(src/autonomo) by extensions ['ros']
[1.570s] Level 1:colcon.colcon_core.package_identification:_identify(src/autonomo) by extension 'ros'
[1.586s] DEBUG:colcon.colcon_core.package_identification:Package 'src/autonomo' with type 'ros.ament_python' and name 'autonomo'
[1.586s] Level 1:colcon.colcon_core.package_discovery:discover_packages(recursive) using defaults
[1.586s] Level 1:colcon.colcon_core.package_discovery:discover_packages(ignore) discover
[1.586s] Level 1:colcon.colcon_core.package_discovery:discover_packages(ignore) using defaults
[1.586s] Level 1:colcon.colcon_core.package_discovery:discover_packages(path) discover
[1.586s] Level 1:colcon.colcon_core.package_discovery:discover_packages(path) using defaults
[1.750s] Level 1:colcon.colcon_core.package_discovery:discover_packages(prefix_path) check parameters
[1.750s] Level 1:colcon.colcon_core.package_discovery:discover_packages(prefix_path) discover
[1.761s] DEBUG:colcon.colcon_installed_package_information.package_discovery:Found 1 installed packages in /home/ezechiel/code/AyDpVA/ros2_ws/install
[1.763s] DEBUG:colcon.colcon_installed_package_information.package_discovery:Found 0 installed packages in /home/ezechiel/code/AyDpVA/ros2_ws/src/autonomo/autonomo/install
[1.768s] DEBUG:colcon.colcon_installed_package_information.package_discovery:Found 286 installed packages in /opt/ros/rolling
[1.773s] Level 1:colcon.colcon_core.package_discovery:discover_packages(prefix_path) using defaults
[1.934s] Level 5:colcon.colcon_core.verb:set package 'autonomo' build argument 'cmake_args' from command line to 'None'
[1.934s] Level 5:colcon.colcon_core.verb:set package 'autonomo' build argument 'cmake_target' from command line to 'None'
[1.934s] Level 5:colcon.colcon_core.verb:set package 'autonomo' build argument 'cmake_target_skip_unavailable' from command line to 'False'
[1.934s] Level 5:colcon.colcon_core.verb:set package 'autonomo' build argument 'cmake_clean_cache' from command line to 'False'
[1.935s] Level 5:colcon.colcon_core.verb:set package 'autonomo' build argument 'cmake_clean_first' from command line to 'False'
[1.935s] Level 5:colcon.colcon_core.verb:set package 'autonomo' build argument 'cmake_force_configure' from command line to 'False'
[1.935s] Level 5:colcon.colcon_core.verb:set package 'autonomo' build argument 'ament_cmake_args' from command line to 'None'
[1.935s] Level 5:colcon.colcon_core.verb:set package 'autonomo' build argument 'catkin_cmake_args' from command line to 'None'
[1.935s] Level 5:colcon.colcon_core.verb:set package 'autonomo' build argument 'catkin_skip_building_tests' from command line to 'False'
[1.935s] DEBUG:colcon.colcon_core.verb:Building package 'autonomo' with the following arguments: {'ament_cmake_args': None, 'build_base': '/home/ezechiel/code/AyDpVA/ros2_ws/build/autonomo', 'catkin_cmake_args': None, 'catkin_skip_building_tests': False, 'cmake_args': None, 'cmake_clean_cache': False, 'cmake_clean_first': False, 'cmake_force_configure': False, 'cmake_target': None, 'cmake_target_skip_unavailable': False, 'install_base': '/home/ezechiel/code/AyDpVA/ros2_ws/install/autonomo', 'merge_install': False, 'path': '/home/ezechiel/code/AyDpVA/ros2_ws/src/autonomo', 'symlink_install': False, 'test_result_base': None}
[1.935s] INFO:colcon.colcon_core.executor:Executing jobs using 'parallel' executor
[1.939s] DEBUG:colcon.colcon_parallel_executor.executor.parallel:run_until_complete
[1.940s] INFO:colcon.colcon_ros.task.ament_python.build:Building ROS package in '/home/ezechiel/code/AyDpVA/ros2_ws/src/autonomo' with build type 'ament_python'
[1.940s] Level 1:colcon.colcon_core.shell:create_environment_hook('autonomo', 'ament_prefix_path')
[1.949s] INFO:colcon.colcon_core.plugin_system:Skipping extension 'colcon_core.shell.bat': Not used on non-Windows systems
[1.950s] INFO:colcon.colcon_core.shell:Creating environment hook '/home/ezechiel/code/AyDpVA/ros2_ws/install/autonomo/share/autonomo/hook/ament_prefix_path.ps1'
[1.961s] INFO:colcon.colcon_core.shell:Creating environment descriptor '/home/ezechiel/code/AyDpVA/ros2_ws/install/autonomo/share/autonomo/hook/ament_prefix_path.dsv'
[1.963s] INFO:colcon.colcon_core.shell:Creating environment hook '/home/ezechiel/code/AyDpVA/ros2_ws/install/autonomo/share/autonomo/hook/ament_prefix_path.sh'
[1.966s] INFO:colcon.colcon_core.shell:Skip shell extension 'powershell' for command environment: Not usable outside of PowerShell
[1.966s] DEBUG:colcon.colcon_core.shell:Skip shell extension 'dsv' for command environment
[3.008s] INFO:colcon.colcon_core.task.python.build:Building Python package in '/home/ezechiel/code/AyDpVA/ros2_ws/src/autonomo'
[3.008s] INFO:colcon.colcon_core.shell:Skip shell extension 'powershell' for command environment: Not usable outside of PowerShell
[3.009s] DEBUG:colcon.colcon_core.shell:Skip shell extension 'dsv' for command environment
[5.747s] DEBUG:colcon.colcon_core.event_handler.log_command:Invoking command in '/home/ezechiel/code/AyDpVA/ros2_ws/src/autonomo': PYTHONPATH=/home/ezechiel/code/AyDpVA/ros2_ws/build/autonomo/prefix_override:/usr/lib/python3/dist-packages/colcon_core/task/python/colcon_distutils_commands:/home/ezechiel/code/AyDpVA/ros2_ws/install/autonomo/lib/python3.12/site-packages:${PYTHONPATH} /usr/bin/python3 -W ignore:setup.py install is deprecated setup.py egg_info --egg-base ../../build/autonomo build --build-base /home/ezechiel/code/AyDpVA/ros2_ws/build/autonomo/build install --record /home/ezechiel/code/AyDpVA/ros2_ws/build/autonomo/install.log --single-version-externally-managed install_data
[7.090s] DEBUG:colcon.colcon_core.event_handler.log_command:Invoked command in '/home/ezechiel/code/AyDpVA/ros2_ws/src/autonomo' returned '0': PYTHONPATH=/home/ezechiel/code/AyDpVA/ros2_ws/build/autonomo/prefix_override:/usr/lib/python3/dist-packages/colcon_core/task/python/colcon_distutils_commands:/home/ezechiel/code/AyDpVA/ros2_ws/install/autonomo/lib/python3.12/site-packages:${PYTHONPATH} /usr/bin/python3 -W ignore:setup.py install is deprecated setup.py egg_info --egg-base ../../build/autonomo build --build-base /home/ezechiel/code/AyDpVA/ros2_ws/build/autonomo/build install --record /home/ezechiel/code/AyDpVA/ros2_ws/build/autonomo/install.log --single-version-externally-managed install_data
[7.104s] Level 1:colcon.colcon_core.environment:checking '/home/ezechiel/code/AyDpVA/ros2_ws/install/autonomo' for CMake module files
[7.106s] Level 1:colcon.colcon_core.environment:checking '/home/ezechiel/code/AyDpVA/ros2_ws/install/autonomo' for CMake config files
[7.112s] Level 1:colcon.colcon_core.environment:checking '/home/ezechiel/code/AyDpVA/ros2_ws/install/autonomo/lib'
[7.112s] Level 1:colcon.colcon_core.environment:checking '/home/ezechiel/code/AyDpVA/ros2_ws/install/autonomo/bin'
[7.112s] Level 1:colcon.colcon_core.environment:checking '/home/ezechiel/code/AyDpVA/ros2_ws/install/autonomo/lib/pkgconfig/autonomo.pc'
[7.113s] Level 1:colcon.colcon_core.environment:checking '/home/ezechiel/code/AyDpVA/ros2_ws/install/autonomo/lib/python3.12/site-packages'
[7.113s] Level 1:colcon.colcon_core.shell:create_environment_hook('autonomo', 'pythonpath')
[7.113s] INFO:colcon.colcon_core.shell:Creating environment hook '/home/ezechiel/code/AyDpVA/ros2_ws/install/autonomo/share/autonomo/hook/pythonpath.ps1'
[7.114s] INFO:colcon.colcon_core.shell:Creating environment descriptor '/home/ezechiel/code/AyDpVA/ros2_ws/install/autonomo/share/autonomo/hook/pythonpath.dsv'
[7.115s] INFO:colcon.colcon_core.shell:Creating environment hook '/home/ezechiel/code/AyDpVA/ros2_ws/install/autonomo/share/autonomo/hook/pythonpath.sh'
[7.116s] Level 1:colcon.colcon_core.environment:checking '/home/ezechiel/code/AyDpVA/ros2_ws/install/autonomo/bin'
[7.116s] Level 1:colcon.colcon_core.environment:create_environment_scripts_only(autonomo)
[7.116s] INFO:colcon.colcon_core.shell:Creating package script '/home/ezechiel/code/AyDpVA/ros2_ws/install/autonomo/share/autonomo/package.ps1'
[7.120s] INFO:colcon.colcon_core.shell:Creating package descriptor '/home/ezechiel/code/AyDpVA/ros2_ws/install/autonomo/share/autonomo/package.dsv'
[7.122s] INFO:colcon.colcon_core.shell:Creating package script '/home/ezechiel/code/AyDpVA/ros2_ws/install/autonomo/share/autonomo/package.sh'
[7.123s] INFO:colcon.colcon_core.shell:Creating package script '/home/ezechiel/code/AyDpVA/ros2_ws/install/autonomo/share/autonomo/package.bash'
[7.125s] INFO:colcon.colcon_core.shell:Creating package script '/home/ezechiel/code/AyDpVA/ros2_ws/install/autonomo/share/autonomo/package.zsh'
[7.126s] Level 1:colcon.colcon_core.environment:create_file_with_runtime_dependencies(/home/ezechiel/code/AyDpVA/ros2_ws/install/autonomo/share/colcon-core/packages/autonomo)
[7.128s] DEBUG:colcon.colcon_parallel_executor.executor.parallel:closing loop
[7.130s] DEBUG:colcon.colcon_parallel_executor.executor.parallel:loop closed
[7.130s] DEBUG:colcon.colcon_parallel_executor.executor.parallel:run_until_complete finished with '0'
[7.131s] DEBUG:colcon.colcon_core.event_reactor:joining thread
[7.213s] INFO:colcon.colcon_core.plugin_system:Skipping extension 'colcon_notification.desktop_notification.notify_send': Could not find 'notify-send'
[7.213s] INFO:colcon.colcon_core.plugin_system:Skipping extension 'colcon_notification.desktop_notification.terminal_notifier': Not used on non-Darwin systems
[7.213s] INFO:colcon.colcon_core.plugin_system:Skipping extension 'colcon_notification.desktop_notification.win32': Not used on non-Windows systems
[7.213s] INFO:colcon.colcon_notification.desktop_notification:Sending desktop notification using 'notify2'
[7.216s] DEBUG:colcon.colcon_notification.desktop_notification.notify2:Failed to initialize notify2: org.freedesktop.DBus.Error.FileNotFound: Failed to connect to socket /run/user/1002/bus: No such file or directory
[7.216s] DEBUG:colcon.colcon_core.event_reactor:joined thread
[7.217s] INFO:colcon.colcon_core.shell:Creating prefix script '/home/ezechiel/code/AyDpVA/ros2_ws/install/local_setup.ps1'
[7.219s] INFO:colcon.colcon_core.shell:Creating prefix util module '/home/ezechiel/code/AyDpVA/ros2_ws/install/_local_setup_util_ps1.py'
[7.221s] INFO:colcon.colcon_core.shell:Creating prefix chain script '/home/ezechiel/code/AyDpVA/ros2_ws/install/setup.ps1'
[7.223s] INFO:colcon.colcon_core.shell:Creating prefix script '/home/ezechiel/code/AyDpVA/ros2_ws/install/local_setup.sh'
[7.225s] INFO:colcon.colcon_core.shell:Creating prefix util module '/home/ezechiel/code/AyDpVA/ros2_ws/install/_local_setup_util_sh.py'
[7.226s] INFO:colcon.colcon_core.shell:Creating prefix chain script '/home/ezechiel/code/AyDpVA/ros2_ws/install/setup.sh'
[7.228s] INFO:colcon.colcon_core.shell:Creating prefix script '/home/ezechiel/code/AyDpVA/ros2_ws/install/local_setup.bash'
[7.229s] INFO:colcon.colcon_core.shell:Creating prefix chain script '/home/ezechiel/code/AyDpVA/ros2_ws/install/setup.bash'
[7.232s] INFO:colcon.colcon_core.shell:Creating prefix script '/home/ezechiel/code/AyDpVA/ros2_ws/install/local_setup.zsh'
[7.234s] INFO:colcon.colcon_core.shell:Creating prefix chain script '/home/ezechiel/code/AyDpVA/ros2_ws/install/setup.zsh'
