[0.603s] DEBUG:colcon:Command line arguments: ['/usr/bin/colcon', 'build']
[0.604s] DEBUG:colcon:Parsed command line arguments: Namespace(log_base=None, log_level=None, verb_name='build', build_base='build', install_base='install', merge_install=False, symlink_install=False, test_result_base=None, continue_on_error=False, executor='parallel', parallel_workers=4, event_handlers=None, ignore_user_meta=False, metas=['./colcon.meta'], base_paths=['.'], packages_ignore=None, packages_ignore_regex=None, paths=None, packages_up_to=None, packages_up_to_regex=None, packages_above=None, packages_above_and_dependencies=None, packages_above_depth=None, packages_select_by_dep=None, packages_skip_by_dep=None, packages_skip_up_to=None, packages_select_build_failed=False, packages_skip_build_finished=False, packages_select_test_failures=False, packages_skip_test_passed=False, packages_select=None, packages_skip=None, packages_select_regex=None, packages_skip_regex=None, packages_start=None, packages_end=None, allow_overriding=[], cmake_args=None, cmake_target=None, cmake_target_skip_unavailable=False, cmake_clean_cache=False, cmake_clean_first=False, cmake_force_configure=False, ament_cmake_args=None, catkin_cmake_args=None, catkin_skip_building_tests=False, mixin_files=None, mixin=None, verb_parser=<colcon_mixin.mixin.mixin_argument.MixinArgumentDecorator object at 0x7f355667e9c0>, verb_extension=<colcon_core.verb.build.BuildVerb object at 0x7f35570535f0>, main=<bound method BuildVerb.main of <colcon_core.verb.build.BuildVerb object at 0x7f35570535f0>>, mixin_verb=('build',))
[0.765s] Level 1:colcon.colcon_core.package_discovery:discover_packages(colcon_meta) check parameters
[0.765s] Level 1:colcon.colcon_core.package_discovery:discover_packages(recursive) check parameters
[0.765s] Level 1:colcon.colcon_core.package_discovery:discover_packages(ignore) check parameters
[0.765s] Level 1:colcon.colcon_core.package_discovery:discover_packages(path) check parameters
[0.765s] Level 1:colcon.colcon_core.package_discovery:discover_packages(colcon_meta) discover
[0.765s] Level 1:colcon.colcon_core.package_discovery:discover_packages(recursive) discover
[0.765s] INFO:colcon.colcon_core.package_discovery:Crawling recursively for packages in '/home/ezechiel/code/AyDpVA/ros2_ws'
[0.766s] Level 1:colcon.colcon_core.package_identification:_identify(.) by extensions ['ignore', 'ignore_ament_install']
[0.766s] Level 1:colcon.colcon_core.package_identification:_identify(.) by extension 'ignore'
[0.766s] Level 1:colcon.colcon_core.package_identification:_identify(.) by extension 'ignore_ament_install'
[0.766s] Level 1:colcon.colcon_core.package_identification:_identify(.) by extensions ['colcon_pkg']
[0.766s] Level 1:colcon.colcon_core.package_identification:_identify(.) by extension 'colcon_pkg'
[0.766s] Level 1:colcon.colcon_core.package_identification:_identify(.) by extensions ['colcon_meta']
[0.766s] Level 1:colcon.colcon_core.package_identification:_identify(.) by extension 'colcon_meta'
[0.766s] Level 1:colcon.colcon_core.package_identification:_identify(.) by extensions ['ros']
[0.766s] Level 1:colcon.colcon_core.package_identification:_identify(.) by extension 'ros'
[0.885s] Level 1:colcon.colcon_core.package_identification:_identify(.) by extensions ['cmake', 'python']
[0.885s] Level 1:colcon.colcon_core.package_identification:_identify(.) by extension 'cmake'
[0.885s] Level 1:colcon.colcon_core.package_identification:_identify(.) by extension 'python'
[0.885s] Level 1:colcon.colcon_core.package_identification:_identify(.) by extensions ['python_setup_py']
[0.885s] Level 1:colcon.colcon_core.package_identification:_identify(.) by extension 'python_setup_py'
[0.886s] Level 1:colcon.colcon_core.package_identification:_identify(build) by extensions ['ignore', 'ignore_ament_install']
[0.886s] Level 1:colcon.colcon_core.package_identification:_identify(build) by extension 'ignore'
[0.886s] Level 1:colcon.colcon_core.package_identification:_identify(build) ignored
[0.886s] Level 1:colcon.colcon_core.package_identification:_identify(install) by extensions ['ignore', 'ignore_ament_install']
[0.886s] Level 1:colcon.colcon_core.package_identification:_identify(install) by extension 'ignore'
[0.886s] Level 1:colcon.colcon_core.package_identification:_identify(install) ignored
[0.886s] Level 1:colcon.colcon_core.package_identification:_identify(log) by extensions ['ignore', 'ignore_ament_install']
[0.887s] Level 1:colcon.colcon_core.package_identification:_identify(log) by extension 'ignore'
[0.887s] Level 1:colcon.colcon_core.package_identification:_identify(log) ignored
[0.887s] Level 1:colcon.colcon_core.package_identification:_identify(src) by extensions ['ignore', 'ignore_ament_install']
[0.887s] Level 1:colcon.colcon_core.package_identification:_identify(src) by extension 'ignore'
[0.887s] Level 1:colcon.colcon_core.package_identification:_identify(src) by extension 'ignore_ament_install'
[0.887s] Level 1:colcon.colcon_core.package_identification:_identify(src) by extensions ['colcon_pkg']
[0.887s] Level 1:colcon.colcon_core.package_identification:_identify(src) by extension 'colcon_pkg'
[0.887s] Level 1:colcon.colcon_core.package_identification:_identify(src) by extensions ['colcon_meta']
[0.887s] Level 1:colcon.colcon_core.package_identification:_identify(src) by extension 'colcon_meta'
[0.888s] Level 1:colcon.colcon_core.package_identification:_identify(src) by extensions ['ros']
[0.888s] Level 1:colcon.colcon_core.package_identification:_identify(src) by extension 'ros'
[0.888s] Level 1:colcon.colcon_core.package_identification:_identify(src) by extensions ['cmake', 'python']
[0.888s] Level 1:colcon.colcon_core.package_identification:_identify(src) by extension 'cmake'
[0.888s] Level 1:colcon.colcon_core.package_identification:_identify(src) by extension 'python'
[0.888s] Level 1:colcon.colcon_core.package_identification:_identify(src) by extensions ['python_setup_py']
[0.888s] Level 1:colcon.colcon_core.package_identification:_identify(src) by extension 'python_setup_py'
[0.888s] Level 1:colcon.colcon_core.package_identification:_identify(src/alarma) by extensions ['ignore', 'ignore_ament_install']
[0.888s] Level 1:colcon.colcon_core.package_identification:_identify(src/alarma) by extension 'ignore'
[0.889s] Level 1:colcon.colcon_core.package_identification:_identify(src/alarma) by extension 'ignore_ament_install'
[0.889s] Level 1:colcon.colcon_core.package_identification:_identify(src/alarma) by extensions ['colcon_pkg']
[0.889s] Level 1:colcon.colcon_core.package_identification:_identify(src/alarma) by extension 'colcon_pkg'
[0.889s] Level 1:colcon.colcon_core.package_identification:_identify(src/alarma) by extensions ['colcon_meta']
[0.889s] Level 1:colcon.colcon_core.package_identification:_identify(src/alarma) by extension 'colcon_meta'
[0.889s] Level 1:colcon.colcon_core.package_identification:_identify(src/alarma) by extensions ['ros']
[0.889s] Level 1:colcon.colcon_core.package_identification:_identify(src/alarma) by extension 'ros'
[0.900s] DEBUG:colcon.colcon_core.package_identification:Package 'src/alarma' with type 'ros.ament_cmake' and name 'alarma'
[0.901s] Level 1:colcon.colcon_core.package_identification:_identify(src/autonomo) by extensions ['ignore', 'ignore_ament_install']
[0.901s] Level 1:colcon.colcon_core.package_identification:_identify(src/autonomo) by extension 'ignore'
[0.901s] Level 1:colcon.colcon_core.package_identification:_identify(src/autonomo) by extension 'ignore_ament_install'
[0.901s] Level 1:colcon.colcon_core.package_identification:_identify(src/autonomo) by extensions ['colcon_pkg']
[0.901s] Level 1:colcon.colcon_core.package_identification:_identify(src/autonomo) by extension 'colcon_pkg'
[0.901s] Level 1:colcon.colcon_core.package_identification:_identify(src/autonomo) by extensions ['colcon_meta']
[0.902s] Level 1:colcon.colcon_core.package_identification:_identify(src/autonomo) by extension 'colcon_meta'
[0.902s] Level 1:colcon.colcon_core.package_identification:_identify(src/autonomo) by extensions ['ros']
[0.902s] Level 1:colcon.colcon_core.package_identification:_identify(src/autonomo) by extension 'ros'
[0.903s] DEBUG:colcon.colcon_core.package_identification:Package 'src/autonomo' with type 'ros.ament_python' and name 'autonomo'
[0.903s] Level 1:colcon.colcon_core.package_identification:_identify(src/build) by extensions ['ignore', 'ignore_ament_install']
[0.903s] Level 1:colcon.colcon_core.package_identification:_identify(src/build) by extension 'ignore'
[0.903s] Level 1:colcon.colcon_core.package_identification:_identify(src/build) ignored
[0.904s] Level 1:colcon.colcon_core.package_identification:_identify(src/install) by extensions ['ignore', 'ignore_ament_install']
[0.904s] Level 1:colcon.colcon_core.package_identification:_identify(src/install) by extension 'ignore'
[0.904s] Level 1:colcon.colcon_core.package_identification:_identify(src/install) ignored
[0.904s] Level 1:colcon.colcon_core.package_identification:_identify(src/log) by extensions ['ignore', 'ignore_ament_install']
[0.904s] Level 1:colcon.colcon_core.package_identification:_identify(src/log) by extension 'ignore'
[0.904s] Level 1:colcon.colcon_core.package_identification:_identify(src/log) ignored
[0.904s] Level 1:colcon.colcon_core.package_discovery:discover_packages(recursive) using defaults
[0.904s] Level 1:colcon.colcon_core.package_discovery:discover_packages(ignore) discover
[0.904s] Level 1:colcon.colcon_core.package_discovery:discover_packages(ignore) using defaults
[0.905s] Level 1:colcon.colcon_core.package_discovery:discover_packages(path) discover
[0.905s] Level 1:colcon.colcon_core.package_discovery:discover_packages(path) using defaults
[0.965s] Level 1:colcon.colcon_core.package_discovery:discover_packages(prefix_path) check parameters
[0.965s] Level 1:colcon.colcon_core.package_discovery:discover_packages(prefix_path) discover
[0.972s] DEBUG:colcon.colcon_installed_package_information.package_discovery:Found 2 installed packages in /home/ezechiel/code/AyDpVA/ros2_ws/install
[0.973s] DEBUG:colcon.colcon_installed_package_information.package_discovery:Found 0 installed packages in /home/ezechiel/code/AyDpVA/ros2_ws/src/install
[0.974s] DEBUG:colcon.colcon_installed_package_information.package_discovery:Found 0 installed packages in /home/ezechiel/code/AyDpVA/ros2_ws/src/autonomo/autonomo/install
[0.978s] DEBUG:colcon.colcon_installed_package_information.package_discovery:Found 286 installed packages in /opt/ros/rolling
[0.979s] Level 1:colcon.colcon_core.package_discovery:discover_packages(prefix_path) using defaults
[1.126s] Level 5:colcon.colcon_core.verb:set package 'alarma' build argument 'cmake_args' from command line to 'None'
[1.127s] Level 5:colcon.colcon_core.verb:set package 'alarma' build argument 'cmake_target' from command line to 'None'
[1.127s] Level 5:colcon.colcon_core.verb:set package 'alarma' build argument 'cmake_target_skip_unavailable' from command line to 'False'
[1.127s] Level 5:colcon.colcon_core.verb:set package 'alarma' build argument 'cmake_clean_cache' from command line to 'False'
[1.127s] Level 5:colcon.colcon_core.verb:set package 'alarma' build argument 'cmake_clean_first' from command line to 'False'
[1.127s] Level 5:colcon.colcon_core.verb:set package 'alarma' build argument 'cmake_force_configure' from command line to 'False'
[1.127s] Level 5:colcon.colcon_core.verb:set package 'alarma' build argument 'ament_cmake_args' from command line to 'None'
[1.127s] Level 5:colcon.colcon_core.verb:set package 'alarma' build argument 'catkin_cmake_args' from command line to 'None'
[1.127s] Level 5:colcon.colcon_core.verb:set package 'alarma' build argument 'catkin_skip_building_tests' from command line to 'False'
[1.128s] DEBUG:colcon.colcon_core.verb:Building package 'alarma' with the following arguments: {'ament_cmake_args': None, 'build_base': '/home/ezechiel/code/AyDpVA/ros2_ws/build/alarma', 'catkin_cmake_args': None, 'catkin_skip_building_tests': False, 'cmake_args': None, 'cmake_clean_cache': False, 'cmake_clean_first': False, 'cmake_force_configure': False, 'cmake_target': None, 'cmake_target_skip_unavailable': False, 'install_base': '/home/ezechiel/code/AyDpVA/ros2_ws/install/alarma', 'merge_install': False, 'path': '/home/ezechiel/code/AyDpVA/ros2_ws/src/alarma', 'symlink_install': False, 'test_result_base': None}
[1.128s] Level 5:colcon.colcon_core.verb:set package 'autonomo' build argument 'cmake_args' from command line to 'None'
[1.128s] Level 5:colcon.colcon_core.verb:set package 'autonomo' build argument 'cmake_target' from command line to 'None'
[1.128s] Level 5:colcon.colcon_core.verb:set package 'autonomo' build argument 'cmake_target_skip_unavailable' from command line to 'False'
[1.128s] Level 5:colcon.colcon_core.verb:set package 'autonomo' build argument 'cmake_clean_cache' from command line to 'False'
[1.128s] Level 5:colcon.colcon_core.verb:set package 'autonomo' build argument 'cmake_clean_first' from command line to 'False'
[1.129s] Level 5:colcon.colcon_core.verb:set package 'autonomo' build argument 'cmake_force_configure' from command line to 'False'
[1.129s] Level 5:colcon.colcon_core.verb:set package 'autonomo' build argument 'ament_cmake_args' from command line to 'None'
[1.129s] Level 5:colcon.colcon_core.verb:set package 'autonomo' build argument 'catkin_cmake_args' from command line to 'None'
[1.129s] Level 5:colcon.colcon_core.verb:set package 'autonomo' build argument 'catkin_skip_building_tests' from command line to 'False'
[1.129s] DEBUG:colcon.colcon_core.verb:Building package 'autonomo' with the following arguments: {'ament_cmake_args': None, 'build_base': '/home/ezechiel/code/AyDpVA/ros2_ws/build/autonomo', 'catkin_cmake_args': None, 'catkin_skip_building_tests': False, 'cmake_args': None, 'cmake_clean_cache': False, 'cmake_clean_first': False, 'cmake_force_configure': False, 'cmake_target': None, 'cmake_target_skip_unavailable': False, 'install_base': '/home/ezechiel/code/AyDpVA/ros2_ws/install/autonomo', 'merge_install': False, 'path': '/home/ezechiel/code/AyDpVA/ros2_ws/src/autonomo', 'symlink_install': False, 'test_result_base': None}
[1.129s] INFO:colcon.colcon_core.executor:Executing jobs using 'parallel' executor
[1.133s] DEBUG:colcon.colcon_parallel_executor.executor.parallel:run_until_complete
[1.133s] INFO:colcon.colcon_ros.task.ament_cmake.build:Building ROS package in '/home/ezechiel/code/AyDpVA/ros2_ws/src/alarma' with build type 'ament_cmake'
[1.134s] INFO:colcon.colcon_cmake.task.cmake.build:Building CMake package in '/home/ezechiel/code/AyDpVA/ros2_ws/src/alarma'
[1.143s] INFO:colcon.colcon_core.plugin_system:Skipping extension 'colcon_core.shell.bat': Not used on non-Windows systems
[1.144s] INFO:colcon.colcon_core.shell:Skip shell extension 'powershell' for command environment: Not usable outside of PowerShell
[1.144s] DEBUG:colcon.colcon_core.shell:Skip shell extension 'dsv' for command environment
[1.154s] INFO:colcon.colcon_ros.task.ament_python.build:Building ROS package in '/home/ezechiel/code/AyDpVA/ros2_ws/src/autonomo' with build type 'ament_python'
[1.155s] Level 1:colcon.colcon_core.shell:create_environment_hook('autonomo', 'ament_prefix_path')
[1.156s] INFO:colcon.colcon_core.shell:Creating environment hook '/home/ezechiel/code/AyDpVA/ros2_ws/install/autonomo/share/autonomo/hook/ament_prefix_path.ps1'
[1.158s] INFO:colcon.colcon_core.shell:Creating environment descriptor '/home/ezechiel/code/AyDpVA/ros2_ws/install/autonomo/share/autonomo/hook/ament_prefix_path.dsv'
[1.160s] INFO:colcon.colcon_core.shell:Creating environment hook '/home/ezechiel/code/AyDpVA/ros2_ws/install/autonomo/share/autonomo/hook/ament_prefix_path.sh'
[1.162s] INFO:colcon.colcon_core.shell:Skip shell extension 'powershell' for command environment: Not usable outside of PowerShell
[1.162s] DEBUG:colcon.colcon_core.shell:Skip shell extension 'dsv' for command environment
[1.191s] DEBUG:colcon.colcon_core.event_handler.log_command:Invoking command in '/home/ezechiel/code/AyDpVA/ros2_ws/build/alarma': CMAKE_PREFIX_PATH=${CMAKE_PREFIX_PATH}:/home/ezechiel/code/AyDpVA/ros2_ws/install/autonomo:/opt/ros/rolling /usr/bin/cmake --build /home/ezechiel/code/AyDpVA/ros2_ws/build/alarma -- -j4 -l4
[1.662s] INFO:colcon.colcon_core.task.python.build:Building Python package in '/home/ezechiel/code/AyDpVA/ros2_ws/src/autonomo'
[1.662s] INFO:colcon.colcon_core.shell:Skip shell extension 'powershell' for command environment: Not usable outside of PowerShell
[1.662s] DEBUG:colcon.colcon_core.shell:Skip shell extension 'dsv' for command environment
[1.671s] DEBUG:colcon.colcon_core.event_handler.log_command:Invoked command in '/home/ezechiel/code/AyDpVA/ros2_ws/build/alarma' returned '0': CMAKE_PREFIX_PATH=${CMAKE_PREFIX_PATH}:/home/ezechiel/code/AyDpVA/ros2_ws/install/autonomo:/opt/ros/rolling /usr/bin/cmake --build /home/ezechiel/code/AyDpVA/ros2_ws/build/alarma -- -j4 -l4
[1.722s] DEBUG:colcon.colcon_core.event_handler.log_command:Invoking command in '/home/ezechiel/code/AyDpVA/ros2_ws/build/alarma': CMAKE_PREFIX_PATH=${CMAKE_PREFIX_PATH}:/home/ezechiel/code/AyDpVA/ros2_ws/install/autonomo:/opt/ros/rolling /usr/bin/cmake --install /home/ezechiel/code/AyDpVA/ros2_ws/build/alarma
[1.758s] Level 1:colcon.colcon_core.environment:create_environment_scripts_only(alarma)
[1.759s] DEBUG:colcon.colcon_core.event_handler.log_command:Invoked command in '/home/ezechiel/code/AyDpVA/ros2_ws/build/alarma' returned '0': CMAKE_PREFIX_PATH=${CMAKE_PREFIX_PATH}:/home/ezechiel/code/AyDpVA/ros2_ws/install/autonomo:/opt/ros/rolling /usr/bin/cmake --install /home/ezechiel/code/AyDpVA/ros2_ws/build/alarma
[1.774s] Level 1:colcon.colcon_core.environment:checking '/home/ezechiel/code/AyDpVA/ros2_ws/install/alarma' for CMake module files
[1.776s] Level 1:colcon.colcon_core.environment:checking '/home/ezechiel/code/AyDpVA/ros2_ws/install/alarma' for CMake config files
[1.777s] Level 1:colcon.colcon_core.shell:create_environment_hook('alarma', 'cmake_prefix_path')
[1.777s] INFO:colcon.colcon_core.shell:Creating environment hook '/home/ezechiel/code/AyDpVA/ros2_ws/install/alarma/share/alarma/hook/cmake_prefix_path.ps1'
[1.780s] INFO:colcon.colcon_core.shell:Creating environment descriptor '/home/ezechiel/code/AyDpVA/ros2_ws/install/alarma/share/alarma/hook/cmake_prefix_path.dsv'
[1.782s] INFO:colcon.colcon_core.shell:Creating environment hook '/home/ezechiel/code/AyDpVA/ros2_ws/install/alarma/share/alarma/hook/cmake_prefix_path.sh'
[1.784s] Level 1:colcon.colcon_core.environment:checking '/home/ezechiel/code/AyDpVA/ros2_ws/install/alarma/bin'
[1.784s] Level 1:colcon.colcon_core.environment:checking '/home/ezechiel/code/AyDpVA/ros2_ws/install/alarma/lib/pkgconfig/alarma.pc'
[1.784s] Level 1:colcon.colcon_core.environment:checking '/home/ezechiel/code/AyDpVA/ros2_ws/install/alarma/lib/python3.12/site-packages'
[1.785s] Level 1:colcon.colcon_core.environment:checking '/home/ezechiel/code/AyDpVA/ros2_ws/install/alarma/bin'
[1.785s] INFO:colcon.colcon_core.shell:Creating package script '/home/ezechiel/code/AyDpVA/ros2_ws/install/alarma/share/alarma/package.ps1'
[1.787s] INFO:colcon.colcon_core.shell:Creating package descriptor '/home/ezechiel/code/AyDpVA/ros2_ws/install/alarma/share/alarma/package.dsv'
[1.789s] INFO:colcon.colcon_core.shell:Creating package script '/home/ezechiel/code/AyDpVA/ros2_ws/install/alarma/share/alarma/package.sh'
[1.792s] INFO:colcon.colcon_core.shell:Creating package script '/home/ezechiel/code/AyDpVA/ros2_ws/install/alarma/share/alarma/package.bash'
[1.794s] INFO:colcon.colcon_core.shell:Creating package script '/home/ezechiel/code/AyDpVA/ros2_ws/install/alarma/share/alarma/package.zsh'
[1.796s] Level 1:colcon.colcon_core.environment:create_file_with_runtime_dependencies(/home/ezechiel/code/AyDpVA/ros2_ws/install/alarma/share/colcon-core/packages/alarma)
[1.840s] Level 1:colcon.colcon_core.environment:create_environment_scripts_only(alarma)
[1.840s] Level 1:colcon.colcon_core.environment:checking '/home/ezechiel/code/AyDpVA/ros2_ws/install/alarma' for CMake module files
[1.841s] Level 1:colcon.colcon_core.environment:checking '/home/ezechiel/code/AyDpVA/ros2_ws/install/alarma' for CMake config files
[1.842s] Level 1:colcon.colcon_core.shell:create_environment_hook('alarma', 'cmake_prefix_path')
[1.842s] INFO:colcon.colcon_core.shell:Creating environment hook '/home/ezechiel/code/AyDpVA/ros2_ws/install/alarma/share/alarma/hook/cmake_prefix_path.ps1'
[1.843s] INFO:colcon.colcon_core.shell:Creating environment descriptor '/home/ezechiel/code/AyDpVA/ros2_ws/install/alarma/share/alarma/hook/cmake_prefix_path.dsv'
[4.811s] INFO:colcon.colcon_core.shell:Creating environment hook '/home/ezechiel/code/AyDpVA/ros2_ws/install/alarma/share/alarma/hook/cmake_prefix_path.sh'
[4.817s] Level 1:colcon.colcon_core.environment:checking '/home/ezechiel/code/AyDpVA/ros2_ws/install/alarma/bin'
[4.817s] Level 1:colcon.colcon_core.environment:checking '/home/ezechiel/code/AyDpVA/ros2_ws/install/alarma/lib/pkgconfig/alarma.pc'
[4.818s] Level 1:colcon.colcon_core.environment:checking '/home/ezechiel/code/AyDpVA/ros2_ws/install/alarma/lib/python3.12/site-packages'
[4.818s] Level 1:colcon.colcon_core.environment:checking '/home/ezechiel/code/AyDpVA/ros2_ws/install/alarma/bin'
[4.819s] INFO:colcon.colcon_core.shell:Creating package script '/home/ezechiel/code/AyDpVA/ros2_ws/install/alarma/share/alarma/package.ps1'
[4.820s] INFO:colcon.colcon_core.shell:Creating package descriptor '/home/ezechiel/code/AyDpVA/ros2_ws/install/alarma/share/alarma/package.dsv'
[4.821s] INFO:colcon.colcon_core.shell:Creating package script '/home/ezechiel/code/AyDpVA/ros2_ws/install/alarma/share/alarma/package.sh'
[4.823s] INFO:colcon.colcon_core.shell:Creating package script '/home/ezechiel/code/AyDpVA/ros2_ws/install/alarma/share/alarma/package.bash'
[4.824s] INFO:colcon.colcon_core.shell:Creating package script '/home/ezechiel/code/AyDpVA/ros2_ws/install/alarma/share/alarma/package.zsh'
[4.825s] Level 1:colcon.colcon_core.environment:create_file_with_runtime_dependencies(/home/ezechiel/code/AyDpVA/ros2_ws/install/alarma/share/colcon-core/packages/alarma)
[6.271s] DEBUG:colcon.colcon_core.event_handler.log_command:Invoking command in '/home/ezechiel/code/AyDpVA/ros2_ws/src/autonomo': PYTHONPATH=/home/ezechiel/code/AyDpVA/ros2_ws/build/autonomo/prefix_override:/usr/lib/python3/dist-packages/colcon_core/task/python/colcon_distutils_commands:/home/ezechiel/code/AyDpVA/ros2_ws/install/autonomo/lib/python3.12/site-packages:${PYTHONPATH} /usr/bin/python3 -W ignore:setup.py install is deprecated setup.py egg_info --egg-base ../../build/autonomo build --build-base /home/ezechiel/code/AyDpVA/ros2_ws/build/autonomo/build install --record /home/ezechiel/code/AyDpVA/ros2_ws/build/autonomo/install.log --single-version-externally-managed install_data
[7.331s] Level 1:colcon.colcon_core.environment:checking '/home/ezechiel/code/AyDpVA/ros2_ws/install/autonomo' for CMake module files
[7.331s] DEBUG:colcon.colcon_core.event_handler.log_command:Invoked command in '/home/ezechiel/code/AyDpVA/ros2_ws/src/autonomo' returned '0': PYTHONPATH=/home/ezechiel/code/AyDpVA/ros2_ws/build/autonomo/prefix_override:/usr/lib/python3/dist-packages/colcon_core/task/python/colcon_distutils_commands:/home/ezechiel/code/AyDpVA/ros2_ws/install/autonomo/lib/python3.12/site-packages:${PYTHONPATH} /usr/bin/python3 -W ignore:setup.py install is deprecated setup.py egg_info --egg-base ../../build/autonomo build --build-base /home/ezechiel/code/AyDpVA/ros2_ws/build/autonomo/build install --record /home/ezechiel/code/AyDpVA/ros2_ws/build/autonomo/install.log --single-version-externally-managed install_data
[7.333s] Level 1:colcon.colcon_core.environment:checking '/home/ezechiel/code/AyDpVA/ros2_ws/install/autonomo' for CMake config files
[7.334s] Level 1:colcon.colcon_core.environment:checking '/home/ezechiel/code/AyDpVA/ros2_ws/install/autonomo/lib'
[7.334s] Level 1:colcon.colcon_core.environment:checking '/home/ezechiel/code/AyDpVA/ros2_ws/install/autonomo/bin'
[7.334s] Level 1:colcon.colcon_core.environment:checking '/home/ezechiel/code/AyDpVA/ros2_ws/install/autonomo/lib/pkgconfig/autonomo.pc'
[7.335s] Level 1:colcon.colcon_core.environment:checking '/home/ezechiel/code/AyDpVA/ros2_ws/install/autonomo/lib/python3.12/site-packages'
[7.335s] Level 1:colcon.colcon_core.shell:create_environment_hook('autonomo', 'pythonpath')
[7.335s] INFO:colcon.colcon_core.shell:Creating environment hook '/home/ezechiel/code/AyDpVA/ros2_ws/install/autonomo/share/autonomo/hook/pythonpath.ps1'
[7.338s] INFO:colcon.colcon_core.shell:Creating environment descriptor '/home/ezechiel/code/AyDpVA/ros2_ws/install/autonomo/share/autonomo/hook/pythonpath.dsv'
[7.339s] INFO:colcon.colcon_core.shell:Creating environment hook '/home/ezechiel/code/AyDpVA/ros2_ws/install/autonomo/share/autonomo/hook/pythonpath.sh'
[7.341s] Level 1:colcon.colcon_core.environment:checking '/home/ezechiel/code/AyDpVA/ros2_ws/install/autonomo/bin'
[7.341s] Level 1:colcon.colcon_core.environment:create_environment_scripts_only(autonomo)
[7.342s] INFO:colcon.colcon_core.shell:Creating package script '/home/ezechiel/code/AyDpVA/ros2_ws/install/autonomo/share/autonomo/package.ps1'
[7.343s] INFO:colcon.colcon_core.shell:Creating package descriptor '/home/ezechiel/code/AyDpVA/ros2_ws/install/autonomo/share/autonomo/package.dsv'
[7.344s] INFO:colcon.colcon_core.shell:Creating package script '/home/ezechiel/code/AyDpVA/ros2_ws/install/autonomo/share/autonomo/package.sh'
[7.346s] INFO:colcon.colcon_core.shell:Creating package script '/home/ezechiel/code/AyDpVA/ros2_ws/install/autonomo/share/autonomo/package.bash'
[7.347s] INFO:colcon.colcon_core.shell:Creating package script '/home/ezechiel/code/AyDpVA/ros2_ws/install/autonomo/share/autonomo/package.zsh'
[7.348s] Level 1:colcon.colcon_core.environment:create_file_with_runtime_dependencies(/home/ezechiel/code/AyDpVA/ros2_ws/install/autonomo/share/colcon-core/packages/autonomo)
[7.349s] DEBUG:colcon.colcon_parallel_executor.executor.parallel:closing loop
[7.350s] DEBUG:colcon.colcon_parallel_executor.executor.parallel:loop closed
[7.350s] DEBUG:colcon.colcon_parallel_executor.executor.parallel:run_until_complete finished with '0'
[7.350s] DEBUG:colcon.colcon_core.event_reactor:joining thread
[7.418s] INFO:colcon.colcon_core.plugin_system:Skipping extension 'colcon_notification.desktop_notification.notify_send': Could not find 'notify-send'
[7.418s] INFO:colcon.colcon_core.plugin_system:Skipping extension 'colcon_notification.desktop_notification.terminal_notifier': Not used on non-Darwin systems
[7.418s] INFO:colcon.colcon_core.plugin_system:Skipping extension 'colcon_notification.desktop_notification.win32': Not used on non-Windows systems
[7.418s] INFO:colcon.colcon_notification.desktop_notification:Sending desktop notification using 'notify2'
[7.421s] DEBUG:colcon.colcon_notification.desktop_notification.notify2:Failed to initialize notify2: org.freedesktop.DBus.Error.FileNotFound: Failed to connect to socket /run/user/1002/bus: No such file or directory
[7.421s] DEBUG:colcon.colcon_core.event_reactor:joined thread
[7.421s] INFO:colcon.colcon_core.shell:Creating prefix script '/home/ezechiel/code/AyDpVA/ros2_ws/install/local_setup.ps1'
[7.424s] INFO:colcon.colcon_core.shell:Creating prefix util module '/home/ezechiel/code/AyDpVA/ros2_ws/install/_local_setup_util_ps1.py'
[7.428s] INFO:colcon.colcon_core.shell:Creating prefix chain script '/home/ezechiel/code/AyDpVA/ros2_ws/install/setup.ps1'
[7.430s] INFO:colcon.colcon_core.shell:Creating prefix script '/home/ezechiel/code/AyDpVA/ros2_ws/install/local_setup.sh'
[7.432s] INFO:colcon.colcon_core.shell:Creating prefix util module '/home/ezechiel/code/AyDpVA/ros2_ws/install/_local_setup_util_sh.py'
[7.434s] INFO:colcon.colcon_core.shell:Creating prefix chain script '/home/ezechiel/code/AyDpVA/ros2_ws/install/setup.sh'
[7.437s] INFO:colcon.colcon_core.shell:Creating prefix script '/home/ezechiel/code/AyDpVA/ros2_ws/install/local_setup.bash'
[7.438s] INFO:colcon.colcon_core.shell:Creating prefix chain script '/home/ezechiel/code/AyDpVA/ros2_ws/install/setup.bash'
[7.440s] INFO:colcon.colcon_core.shell:Creating prefix script '/home/ezechiel/code/AyDpVA/ros2_ws/install/local_setup.zsh'
[7.442s] INFO:colcon.colcon_core.shell:Creating prefix chain script '/home/ezechiel/code/AyDpVA/ros2_ws/install/setup.zsh'
