[1.066s] Invoking command in '/home/emmanuel13/code/AyDpVA/ros2_ws/src/autonomo': PYTHONPATH=/home/emmanuel13/code/AyDpVA/ros2_ws/build/autonomo/prefix_override:/usr/lib/python3/dist-packages/colcon_core/task/python/colcon_distutils_commands:/home/emmanuel13/code/AyDpVA/ros2_ws/install/autonomo/lib/python3.12/site-packages:${PYTHONPATH} /usr/bin/python3 -W ignore:setup.py install is deprecated setup.py egg_info --egg-base ../../build/autonomo build --build-base /home/emmanuel13/code/AyDpVA/ros2_ws/build/autonomo/build install --record /home/emmanuel13/code/AyDpVA/ros2_ws/build/autonomo/install.log --single-version-externally-managed install_data
[1.433s] running egg_info
[1.459s] writing ../../build/autonomo/autonomo.egg-info/PKG-INFO
[1.459s] writing dependency_links to ../../build/autonomo/autonomo.egg-info/dependency_links.txt
[1.460s] writing entry points to ../../build/autonomo/autonomo.egg-info/entry_points.txt
[1.460s] writing requirements to ../../build/autonomo/autonomo.egg-info/requires.txt
[1.460s] writing top-level names to ../../build/autonomo/autonomo.egg-info/top_level.txt
[1.517s] reading manifest file '../../build/autonomo/autonomo.egg-info/SOURCES.txt'
[1.518s] writing manifest file '../../build/autonomo/autonomo.egg-info/SOURCES.txt'
[1.518s] running build
[1.518s] running build_py
[1.519s] running install
[1.526s] running install_lib
[1.556s] running install_data
[1.556s] running install_egg_info
[1.584s] removing '/home/emmanuel13/code/AyDpVA/ros2_ws/install/autonomo/lib/python3.12/site-packages/autonomo-0.0.0-py3.12.egg-info' (and everything under it)
[1.584s] Copying ../../build/autonomo/autonomo.egg-info to /home/emmanuel13/code/AyDpVA/ros2_ws/install/autonomo/lib/python3.12/site-packages/autonomo-0.0.0-py3.12.egg-info
[1.585s] running install_scripts
[1.766s] Installing publisher script to /home/emmanuel13/code/AyDpVA/ros2_ws/install/autonomo/lib/autonomo
[1.767s] Installing publisheralarm script to /home/emmanuel13/code/AyDpVA/ros2_ws/install/autonomo/lib/autonomo
[1.767s] Installing publisherveh script to /home/emmanuel13/code/AyDpVA/ros2_ws/install/autonomo/lib/autonomo
[1.768s] Installing subscriber script to /home/emmanuel13/code/AyDpVA/ros2_ws/install/autonomo/lib/autonomo
[1.768s] Installing subscriberveh script to /home/emmanuel13/code/AyDpVA/ros2_ws/install/autonomo/lib/autonomo
[1.769s] Installing susbcriberalarm script to /home/emmanuel13/code/AyDpVA/ros2_ws/install/autonomo/lib/autonomo
[1.769s] writing list of installed files to '/home/emmanuel13/code/AyDpVA/ros2_ws/build/autonomo/install.log'
[1.815s] Invoked command in '/home/emmanuel13/code/AyDpVA/ros2_ws/src/autonomo' returned '0': PYTHONPATH=/home/emmanuel13/code/AyDpVA/ros2_ws/build/autonomo/prefix_override:/usr/lib/python3/dist-packages/colcon_core/task/python/colcon_distutils_commands:/home/emmanuel13/code/AyDpVA/ros2_ws/install/autonomo/lib/python3.12/site-packages:${PYTHONPATH} /usr/bin/python3 -W ignore:setup.py install is deprecated setup.py egg_info --egg-base ../../build/autonomo build --build-base /home/emmanuel13/code/AyDpVA/ros2_ws/build/autonomo/build install --record /home/emmanuel13/code/AyDpVA/ros2_ws/build/autonomo/install.log --single-version-externally-managed install_data
