[1.145s] Invoking command in '/home/emmanuel13/code/AyDpVA/ros2_ws/src/autonomo': PYTHONPATH=/home/emmanuel13/code/AyDpVA/ros2_ws/build/autonomo/prefix_override:/usr/lib/python3/dist-packages/colcon_core/task/python/colcon_distutils_commands:/home/emmanuel13/code/AyDpVA/ros2_ws/install/autonomo/lib/python3.12/site-packages:${PYTHONPATH} /usr/bin/python3 -W ignore:setup.py install is deprecated setup.py egg_info --egg-base ../../build/autonomo build --build-base /home/emmanuel13/code/AyDpVA/ros2_ws/build/autonomo/build install --record /home/emmanuel13/code/AyDpVA/ros2_ws/build/autonomo/install.log --single-version-externally-managed install_data
[1.512s] running egg_info
[1.537s] writing ../../build/autonomo/autonomo.egg-info/PKG-INFO
[1.538s] writing dependency_links to ../../build/autonomo/autonomo.egg-info/dependency_links.txt
[1.538s] writing entry points to ../../build/autonomo/autonomo.egg-info/entry_points.txt
[1.539s] writing requirements to ../../build/autonomo/autonomo.egg-info/requires.txt
[1.539s] writing top-level names to ../../build/autonomo/autonomo.egg-info/top_level.txt
[1.596s] reading manifest file '../../build/autonomo/autonomo.egg-info/SOURCES.txt'
[1.597s] writing manifest file '../../build/autonomo/autonomo.egg-info/SOURCES.txt'
[1.597s] running build
[1.597s] running build_py
[1.598s] running install
[1.606s] running install_lib
[1.636s] running install_data
[1.636s] running install_egg_info
[1.668s] removing '/home/emmanuel13/code/AyDpVA/ros2_ws/install/autonomo/lib/python3.12/site-packages/autonomo-0.0.0-py3.12.egg-info' (and everything under it)
[1.668s] Copying ../../build/autonomo/autonomo.egg-info to /home/emmanuel13/code/AyDpVA/ros2_ws/install/autonomo/lib/python3.12/site-packages/autonomo-0.0.0-py3.12.egg-info
[1.669s] running install_scripts
[1.844s] Installing publisher script to /home/emmanuel13/code/AyDpVA/ros2_ws/install/autonomo/lib/autonomo
[1.845s] Installing publisheralarm script to /home/emmanuel13/code/AyDpVA/ros2_ws/install/autonomo/lib/autonomo
[1.845s] Installing publisherveh script to /home/emmanuel13/code/AyDpVA/ros2_ws/install/autonomo/lib/autonomo
[1.846s] Installing subscriber script to /home/emmanuel13/code/AyDpVA/ros2_ws/install/autonomo/lib/autonomo
[1.846s] Installing subscriberveh script to /home/emmanuel13/code/AyDpVA/ros2_ws/install/autonomo/lib/autonomo
[1.846s] Installing susbcriberalarm script to /home/emmanuel13/code/AyDpVA/ros2_ws/install/autonomo/lib/autonomo
[1.847s] writing list of installed files to '/home/emmanuel13/code/AyDpVA/ros2_ws/build/autonomo/install.log'
[1.896s] Invoked command in '/home/emmanuel13/code/AyDpVA/ros2_ws/src/autonomo' returned '0': PYTHONPATH=/home/emmanuel13/code/AyDpVA/ros2_ws/build/autonomo/prefix_override:/usr/lib/python3/dist-packages/colcon_core/task/python/colcon_distutils_commands:/home/emmanuel13/code/AyDpVA/ros2_ws/install/autonomo/lib/python3.12/site-packages:${PYTHONPATH} /usr/bin/python3 -W ignore:setup.py install is deprecated setup.py egg_info --egg-base ../../build/autonomo build --build-base /home/emmanuel13/code/AyDpVA/ros2_ws/build/autonomo/build install --record /home/emmanuel13/code/AyDpVA/ros2_ws/build/autonomo/install.log --single-version-externally-managed install_data
