[1.565s] Invoking command in '/home/emmanuel13/code/AyDpVA/ros2_ws/src/autonomo': PYTHONPATH=/home/emmanuel13/code/AyDpVA/ros2_ws/build/autonomo/prefix_override:/usr/lib/python3/dist-packages/colcon_core/task/python/colcon_distutils_commands:/home/emmanuel13/code/AyDpVA/ros2_ws/install/autonomo/lib/python3.12/site-packages:${PYTHONPATH} /usr/bin/python3 -W ignore:setup.py install is deprecated setup.py egg_info --egg-base ../../build/autonomo build --build-base /home/emmanuel13/code/AyDpVA/ros2_ws/build/autonomo/build install --record /home/emmanuel13/code/AyDpVA/ros2_ws/build/autonomo/install.log --single-version-externally-managed install_data
[1.998s] running egg_info
[2.023s] writing ../../build/autonomo/autonomo.egg-info/PKG-INFO
[2.024s] writing dependency_links to ../../build/autonomo/autonomo.egg-info/dependency_links.txt
[2.024s] writing entry points to ../../build/autonomo/autonomo.egg-info/entry_points.txt
[2.024s] writing requirements to ../../build/autonomo/autonomo.egg-info/requires.txt
[2.024s] writing top-level names to ../../build/autonomo/autonomo.egg-info/top_level.txt
[2.075s] reading manifest file '../../build/autonomo/autonomo.egg-info/SOURCES.txt'
[2.076s] writing manifest file '../../build/autonomo/autonomo.egg-info/SOURCES.txt'
[2.077s] running build
[2.077s] running build_py
[2.078s] running install
[2.084s] running install_lib
[2.110s] running install_data
[2.111s] running install_egg_info
[2.153s] removing '/home/emmanuel13/code/AyDpVA/ros2_ws/install/autonomo/lib/python3.12/site-packages/autonomo-0.0.0-py3.12.egg-info' (and everything under it)
[2.154s] Copying ../../build/autonomo/autonomo.egg-info to /home/emmanuel13/code/AyDpVA/ros2_ws/install/autonomo/lib/python3.12/site-packages/autonomo-0.0.0-py3.12.egg-info
[2.157s] running install_scripts
[2.376s] Installing publisher script to /home/emmanuel13/code/AyDpVA/ros2_ws/install/autonomo/lib/autonomo
[2.377s] Installing publisherveh script to /home/emmanuel13/code/AyDpVA/ros2_ws/install/autonomo/lib/autonomo
[2.377s] Installing subscriber script to /home/emmanuel13/code/AyDpVA/ros2_ws/install/autonomo/lib/autonomo
[2.378s] Installing subscriberveh script to /home/emmanuel13/code/AyDpVA/ros2_ws/install/autonomo/lib/autonomo
[2.378s] writing list of installed files to '/home/emmanuel13/code/AyDpVA/ros2_ws/build/autonomo/install.log'
[2.425s] Invoked command in '/home/emmanuel13/code/AyDpVA/ros2_ws/src/autonomo' returned '0': PYTHONPATH=/home/emmanuel13/code/AyDpVA/ros2_ws/build/autonomo/prefix_override:/usr/lib/python3/dist-packages/colcon_core/task/python/colcon_distutils_commands:/home/emmanuel13/code/AyDpVA/ros2_ws/install/autonomo/lib/python3.12/site-packages:${PYTHONPATH} /usr/bin/python3 -W ignore:setup.py install is deprecated setup.py egg_info --egg-base ../../build/autonomo build --build-base /home/emmanuel13/code/AyDpVA/ros2_ws/build/autonomo/build install --record /home/emmanuel13/code/AyDpVA/ros2_ws/build/autonomo/install.log --single-version-externally-managed install_data
