[1.708s] Invoking command in '/home/ezechiel/code/AyDpVA/ros2_ws/src/autonomo': PYTHONPATH=/home/ezechiel/code/AyDpVA/ros2_ws/build/autonomo/prefix_override:/usr/lib/python3/dist-packages/colcon_core/task/python/colcon_distutils_commands:/home/ezechiel/code/AyDpVA/ros2_ws/install/autonomo/lib/python3.12/site-packages:${PYTHONPATH} /usr/bin/python3 -W ignore:setup.py install is deprecated setup.py egg_info --egg-base ../../build/autonomo build --build-base /home/ezechiel/code/AyDpVA/ros2_ws/build/autonomo/build install --record /home/ezechiel/code/AyDpVA/ros2_ws/build/autonomo/install.log --single-version-externally-managed install_data
[2.211s] running egg_info
[2.253s] writing ../../build/autonomo/autonomo.egg-info/PKG-INFO
[2.254s] writing dependency_links to ../../build/autonomo/autonomo.egg-info/dependency_links.txt
[2.255s] writing entry points to ../../build/autonomo/autonomo.egg-info/entry_points.txt
[2.255s] writing requirements to ../../build/autonomo/autonomo.egg-info/requires.txt
[2.257s] writing top-level names to ../../build/autonomo/autonomo.egg-info/top_level.txt
[2.339s] reading manifest file '../../build/autonomo/autonomo.egg-info/SOURCES.txt'
[2.341s] writing manifest file '../../build/autonomo/autonomo.egg-info/SOURCES.txt'
[2.341s] running build
[2.342s] running build_py
[2.343s] copying autonomo/publisher1.py -> /home/ezechiel/code/AyDpVA/ros2_ws/build/autonomo/build/lib/autonomo
[2.343s] running install
[2.355s] running install_lib
[2.395s] copying /home/ezechiel/code/AyDpVA/ros2_ws/build/autonomo/build/lib/autonomo/publisher1.py -> /home/ezechiel/code/AyDpVA/ros2_ws/install/autonomo/lib/python3.12/site-packages/autonomo
[2.396s] byte-compiling /home/ezechiel/code/AyDpVA/ros2_ws/install/autonomo/lib/python3.12/site-packages/autonomo/publisher1.py to publisher1.cpython-312.pyc
[2.397s] running install_data
[2.398s] running install_egg_info
[2.439s] removing '/home/ezechiel/code/AyDpVA/ros2_ws/install/autonomo/lib/python3.12/site-packages/autonomo-0.0.0-py3.12.egg-info' (and everything under it)
[2.440s] Copying ../../build/autonomo/autonomo.egg-info to /home/ezechiel/code/AyDpVA/ros2_ws/install/autonomo/lib/python3.12/site-packages/autonomo-0.0.0-py3.12.egg-info
[2.446s] running install_scripts
[2.789s] Installing publisher script to /home/ezechiel/code/AyDpVA/ros2_ws/install/autonomo/lib/autonomo
[2.789s] Installing publisher1 script to /home/ezechiel/code/AyDpVA/ros2_ws/install/autonomo/lib/autonomo
[2.789s] Installing subscriber script to /home/ezechiel/code/AyDpVA/ros2_ws/install/autonomo/lib/autonomo
[2.790s] Installing subscriber1 script to /home/ezechiel/code/AyDpVA/ros2_ws/install/autonomo/lib/autonomo
[2.791s] writing list of installed files to '/home/ezechiel/code/AyDpVA/ros2_ws/build/autonomo/install.log'
[2.843s] Invoked command in '/home/ezechiel/code/AyDpVA/ros2_ws/src/autonomo' returned '0': PYTHONPATH=/home/ezechiel/code/AyDpVA/ros2_ws/build/autonomo/prefix_override:/usr/lib/python3/dist-packages/colcon_core/task/python/colcon_distutils_commands:/home/ezechiel/code/AyDpVA/ros2_ws/install/autonomo/lib/python3.12/site-packages:${PYTHONPATH} /usr/bin/python3 -W ignore:setup.py install is deprecated setup.py egg_info --egg-base ../../build/autonomo build --build-base /home/ezechiel/code/AyDpVA/ros2_ws/build/autonomo/build install --record /home/ezechiel/code/AyDpVA/ros2_ws/build/autonomo/install.log --single-version-externally-managed install_data
