[2.596s] Invoking command in '/home/frock/code/AyDpVA/ros2_ws/src/autonomo': PYTHONPATH=/home/frock/code/AyDpVA/ros2_ws/build/autonomo/prefix_override:/usr/lib/python3/dist-packages/colcon_core/task/python/colcon_distutils_commands:/home/frock/code/AyDpVA/ros2_ws/install/autonomo/lib/python3.12/site-packages:${PYTHONPATH} /usr/bin/python3 -W ignore:setup.py install is deprecated setup.py egg_info --egg-base ../../build/autonomo build --build-base /home/frock/code/AyDpVA/ros2_ws/build/autonomo/build install --record /home/frock/code/AyDpVA/ros2_ws/build/autonomo/install.log --single-version-externally-managed install_data
[3.117s] running egg_info
[3.161s] writing ../../build/autonomo/autonomo.egg-info/PKG-INFO
[3.174s] writing dependency_links to ../../build/autonomo/autonomo.egg-info/dependency_links.txt
[3.174s] writing entry points to ../../build/autonomo/autonomo.egg-info/entry_points.txt
[3.175s] writing requirements to ../../build/autonomo/autonomo.egg-info/requires.txt
[3.175s] writing top-level names to ../../build/autonomo/autonomo.egg-info/top_level.txt
[3.259s] reading manifest file '../../build/autonomo/autonomo.egg-info/SOURCES.txt'
[3.264s] writing manifest file '../../build/autonomo/autonomo.egg-info/SOURCES.txt'
[3.264s] running build
[3.265s] running build_py
[3.266s] running install
[3.276s] running install_lib
[3.322s] running install_data
[3.322s] running install_egg_info
[3.366s] removing '/home/frock/code/AyDpVA/ros2_ws/install/autonomo/lib/python3.12/site-packages/autonomo-0.0.0-py3.12.egg-info' (and everything under it)
[3.367s] Copying ../../build/autonomo/autonomo.egg-info to /home/frock/code/AyDpVA/ros2_ws/install/autonomo/lib/python3.12/site-packages/autonomo-0.0.0-py3.12.egg-info
[3.371s] running install_scripts
[3.630s] Installing publisher script to /home/frock/code/AyDpVA/ros2_ws/install/autonomo/lib/autonomo
[3.630s] Installing subscriber script to /home/frock/code/AyDpVA/ros2_ws/install/autonomo/lib/autonomo
[3.633s] writing list of installed files to '/home/frock/code/AyDpVA/ros2_ws/build/autonomo/install.log'
[3.693s] Invoked command in '/home/frock/code/AyDpVA/ros2_ws/src/autonomo' returned '0': PYTHONPATH=/home/frock/code/AyDpVA/ros2_ws/build/autonomo/prefix_override:/usr/lib/python3/dist-packages/colcon_core/task/python/colcon_distutils_commands:/home/frock/code/AyDpVA/ros2_ws/install/autonomo/lib/python3.12/site-packages:${PYTHONPATH} /usr/bin/python3 -W ignore:setup.py install is deprecated setup.py egg_info --egg-base ../../build/autonomo build --build-base /home/frock/code/AyDpVA/ros2_ws/build/autonomo/build install --record /home/frock/code/AyDpVA/ros2_ws/build/autonomo/install.log --single-version-externally-managed install_data
