[2.667s] Invoking command in '/home/ezechiel/code/AyDpVA/ros2_ws/src/autonomo': PYTHONPATH=/home/ezechiel/code/AyDpVA/ros2_ws/build/autonomo/prefix_override:/usr/lib/python3/dist-packages/colcon_core/task/python/colcon_distutils_commands:/home/ezechiel/code/AyDpVA/ros2_ws/install/autonomo/lib/python3.12/site-packages:${PYTHONPATH} /usr/bin/python3 -W ignore:setup.py install is deprecated setup.py egg_info --egg-base ../../build/autonomo build --build-base /home/ezechiel/code/AyDpVA/ros2_ws/build/autonomo/build install --record /home/ezechiel/code/AyDpVA/ros2_ws/build/autonomo/install.log --single-version-externally-managed install_data
[3.278s] running egg_info
[3.317s] writing ../../build/autonomo/autonomo.egg-info/PKG-INFO
[3.319s] writing dependency_links to ../../build/autonomo/autonomo.egg-info/dependency_links.txt
[3.320s] writing entry points to ../../build/autonomo/autonomo.egg-info/entry_points.txt
[3.321s] writing requirements to ../../build/autonomo/autonomo.egg-info/requires.txt
[3.321s] writing top-level names to ../../build/autonomo/autonomo.egg-info/top_level.txt
[3.411s] reading manifest file '../../build/autonomo/autonomo.egg-info/SOURCES.txt'
[3.413s] writing manifest file '../../build/autonomo/autonomo.egg-info/SOURCES.txt'
[3.413s] running build
[3.414s] running build_py
[3.415s] copying autonomo/publisher1.py -> /home/ezechiel/code/AyDpVA/ros2_ws/build/autonomo/build/lib/autonomo
[3.417s] running install
[3.428s] running install_lib
[3.485s] copying /home/ezechiel/code/AyDpVA/ros2_ws/build/autonomo/build/lib/autonomo/publisher1.py -> /home/ezechiel/code/AyDpVA/ros2_ws/install/autonomo/lib/python3.12/site-packages/autonomo
[3.492s] byte-compiling /home/ezechiel/code/AyDpVA/ros2_ws/install/autonomo/lib/python3.12/site-packages/autonomo/publisher1.py to publisher1.cpython-312.pyc
[3.501s] running install_data
[3.504s] running install_egg_info
[3.623s] removing '/home/ezechiel/code/AyDpVA/ros2_ws/install/autonomo/lib/python3.12/site-packages/autonomo-0.0.0-py3.12.egg-info' (and everything under it)
[3.626s] Copying ../../build/autonomo/autonomo.egg-info to /home/ezechiel/code/AyDpVA/ros2_ws/install/autonomo/lib/python3.12/site-packages/autonomo-0.0.0-py3.12.egg-info
[3.631s] running install_scripts
[3.951s] Installing publisher script to /home/ezechiel/code/AyDpVA/ros2_ws/install/autonomo/lib/autonomo
[3.952s] Installing publisher1 script to /home/ezechiel/code/AyDpVA/ros2_ws/install/autonomo/lib/autonomo
[3.953s] Installing subscriber script to /home/ezechiel/code/AyDpVA/ros2_ws/install/autonomo/lib/autonomo
[3.955s] Installing subscriber1 script to /home/ezechiel/code/AyDpVA/ros2_ws/install/autonomo/lib/autonomo
[3.957s] writing list of installed files to '/home/ezechiel/code/AyDpVA/ros2_ws/build/autonomo/install.log'
[4.013s] Invoked command in '/home/ezechiel/code/AyDpVA/ros2_ws/src/autonomo' returned '0': PYTHONPATH=/home/ezechiel/code/AyDpVA/ros2_ws/build/autonomo/prefix_override:/usr/lib/python3/dist-packages/colcon_core/task/python/colcon_distutils_commands:/home/ezechiel/code/AyDpVA/ros2_ws/install/autonomo/lib/python3.12/site-packages:${PYTHONPATH} /usr/bin/python3 -W ignore:setup.py install is deprecated setup.py egg_info --egg-base ../../build/autonomo build --build-base /home/ezechiel/code/AyDpVA/ros2_ws/build/autonomo/build install --record /home/ezechiel/code/AyDpVA/ros2_ws/build/autonomo/install.log --single-version-externally-managed install_data
